{"numTotalTestSuites":133,"numPassedTestSuites":121,"numFailedTestSuites":12,"numPendingTestSuites":0,"numTotalTests":244,"numPassedTests":236,"numFailedTests":8,"numPendingTests":0,"numTodoTests":0,"snapshot":{"added":0,"failure":false,"filesAdded":0,"filesRemoved":0,"filesRemovedList":[],"filesUnmatched":0,"filesUpdated":0,"matched":0,"total":0,"unchecked":0,"uncheckedKeysByFile":[],"unmatched":0,"updated":0,"didUpdate":false},"startTime":1769025231421,"success":false,"testResults":[{"assertionResults":[{"ancestorTitles":["App"],"fullName":"App should pass sanity check","status":"passed","title":"should pass sanity check","duration":0.7121999999999389,"failureMessages":[],"meta":{}}],"startTime":1769025235632,"endTime":1769025235632.7122,"status":"passed","message":"","name":"C:/Users/Mati/DEV/Audiovault/frontend/src/App.test.tsx"},{"assertionResults":[{"ancestorTitles":["React Router Smoke Test"],"fullName":"React Router Smoke Test renders a simple route","status":"passed","title":"renders a simple route","duration":36.38519999999971,"failureMessages":[],"meta":{}}],"startTime":1769025234924,"endTime":1769025234960.3853,"status":"passed","message":"","name":"C:/Users/Mati/DEV/Audiovault/frontend/src/smoke.test.tsx"},{"assertionResults":[{"ancestorTitles":["albumsApi","getById"],"fullName":"albumsApi getById should fetch album from spotify endpoint by default","status":"passed","title":"should fetch album from spotify endpoint by default","duration":3.097900000000209,"failureMessages":[],"meta":{}},{"ancestorTitles":["albumsApi","getById"],"fullName":"albumsApi getById should fetch album from spotify endpoint when source is spotify","status":"passed","title":"should fetch album from spotify endpoint when source is spotify","duration":0.45100000000002183,"failureMessages":[],"meta":{}},{"ancestorTitles":["albumsApi","getById"],"fullName":"albumsApi getById should throw error for unsupported sources","status":"passed","title":"should throw error for unsupported sources","duration":1.572099999999864,"failureMessages":[],"meta":{}}],"startTime":1769025235065,"endTime":1769025235069.572,"status":"passed","message":"","name":"C:/Users/Mati/DEV/Audiovault/frontend/src/api/albums.test.ts"},{"assertionResults":[{"ancestorTitles":["artistsApi","getAll"],"fullName":"artistsApi getAll should fetch artists with default pagination","status":"passed","title":"should fetch artists with default pagination","duration":3.0358000000001084,"failureMessages":[],"meta":{}},{"ancestorTitles":["artistsApi","getAll"],"fullName":"artistsApi getAll should fetch artists with custom pagination","status":"passed","title":"should fetch artists with custom pagination","duration":0.4358999999999469,"failureMessages":[],"meta":{}},{"ancestorTitles":["artistsApi","getById"],"fullName":"artistsApi getById should fetch artist by id using local endpoint by default","status":"passed","title":"should fetch artist by id using local endpoint by default","duration":0.48549999999977445,"failureMessages":[],"meta":{}},{"ancestorTitles":["artistsApi","getById"],"fullName":"artistsApi getById should fetch artist from spotify endpoint when source is spotify","status":"passed","title":"should fetch artist from spotify endpoint when source is spotify","duration":0.29979999999977736,"failureMessages":[],"meta":{}},{"ancestorTitles":["artistsApi","getById"],"fullName":"artistsApi getById should use local endpoint for non-spotify sources","status":"passed","title":"should use local endpoint for non-spotify sources","duration":0.28130000000010114,"failureMessages":[],"meta":{}}],"startTime":1769025235065,"endTime":1769025235070.2812,"status":"passed","message":"","name":"C:/Users/Mati/DEV/Audiovault/frontend/src/api/artists.test.ts"},{"assertionResults":[{"ancestorTitles":["downloadsApi","getAll"],"fullName":"downloadsApi getAll should fetch downloads from queue endpoint","status":"passed","title":"should fetch downloads from queue endpoint","duration":3.035699999999906,"failureMessages":[],"meta":{}},{"ancestorTitles":["downloadsApi","getLibrary"],"fullName":"downloadsApi getLibrary should fetch completed downloads from library endpoint","status":"passed","title":"should fetch completed downloads from library endpoint","duration":0.5992999999998574,"failureMessages":[],"meta":{}},{"ancestorTitles":["downloadsApi","add"],"fullName":"downloadsApi add should add a download with correct payload","status":"passed","title":"should add a download with correct payload","duration":0.6984000000002197,"failureMessages":[],"meta":{}},{"ancestorTitles":["downloadsApi","add"],"fullName":"downloadsApi add should include playlist_name if provided","status":"passed","title":"should include playlist_name if provided","duration":0.31140000000004875,"failureMessages":[],"meta":{}},{"ancestorTitles":["downloadsApi","pause"],"fullName":"downloadsApi pause should pause a specific download","status":"passed","title":"should pause a specific download","duration":0.2385999999996784,"failureMessages":[],"meta":{}},{"ancestorTitles":["downloadsApi","resume"],"fullName":"downloadsApi resume should resume a specific download","status":"passed","title":"should resume a specific download","duration":0.2319999999999709,"failureMessages":[],"meta":{}},{"ancestorTitles":["downloadsApi","retry"],"fullName":"downloadsApi retry should retry a specific download","status":"passed","title":"should retry a specific download","duration":0.21179999999958454,"failureMessages":[],"meta":{}},{"ancestorTitles":["downloadsApi","remove"],"fullName":"downloadsApi remove should delete a specific download","status":"passed","title":"should delete a specific download","duration":0.2189000000003034,"failureMessages":[],"meta":{}},{"ancestorTitles":["downloadsApi","restartAll"],"fullName":"downloadsApi restartAll should restart all downloads","status":"passed","title":"should restart all downloads","duration":0.29179999999996653,"failureMessages":[],"meta":{}},{"ancestorTitles":["downloadsApi","clearAll"],"fullName":"downloadsApi clearAll should clear download history","status":"passed","title":"should clear download history","duration":0.32150000000001455,"failureMessages":[],"meta":{}}],"startTime":1769025235054,"endTime":1769025235061.3215,"status":"passed","message":"","name":"C:/Users/Mati/DEV/Audiovault/frontend/src/api/downloads.test.ts"},{"assertionResults":[{"ancestorTitles":["importApi","importPlaylist"],"fullName":"importApi importPlaylist should import playlist by URL","status":"passed","title":"should import playlist by URL","duration":2.8901999999998225,"failureMessages":[],"meta":{}},{"ancestorTitles":["importApi","resolve"],"fullName":"importApi resolve should resolve track metadata","status":"passed","title":"should resolve track metadata","duration":0.5309999999999491,"failureMessages":[],"meta":{}}],"startTime":1769025235054,"endTime":1769025235057.531,"status":"passed","message":"","name":"C:/Users/Mati/DEV/Audiovault/frontend/src/api/import.test.ts"},{"assertionResults":[{"ancestorTitles":["playlistsApi","getById"],"fullName":"playlistsApi getById should fetch playlist from spotify endpoint by default","status":"passed","title":"should fetch playlist from spotify endpoint by default","duration":2.7731000000003405,"failureMessages":[],"meta":{}},{"ancestorTitles":["playlistsApi","getById"],"fullName":"playlistsApi getById should fetch playlist from spotify when source is spotify","status":"passed","title":"should fetch playlist from spotify when source is spotify","duration":0.4216999999998734,"failureMessages":[],"meta":{}},{"ancestorTitles":["playlistsApi","getById"],"fullName":"playlistsApi getById should fetch playlist from youtube when source is youtube","status":"passed","title":"should fetch playlist from youtube when source is youtube","duration":0.28690000000005966,"failureMessages":[],"meta":{}},{"ancestorTitles":["playlistsApi","getById"],"fullName":"playlistsApi getById should throw error for unsupported sources","status":"passed","title":"should throw error for unsupported sources","duration":1.3524999999999636,"failureMessages":[],"meta":{}}],"startTime":1769025235033,"endTime":1769025235038.3525,"status":"passed","message":"","name":"C:/Users/Mati/DEV/Audiovault/frontend/src/api/playlists.test.ts"},{"assertionResults":[{"ancestorTitles":["syncApi","analyze"],"fullName":"syncApi analyze should analyze watchlist for sync","status":"passed","title":"should analyze watchlist for sync","duration":2.472700000000259,"failureMessages":[],"meta":{}},{"ancestorTitles":["syncApi","execute"],"fullName":"syncApi execute should execute sync with approved removals","status":"passed","title":"should execute sync with approved removals","duration":0.8630000000002838,"failureMessages":[],"meta":{}},{"ancestorTitles":["syncApi","execute"],"fullName":"syncApi execute should handle empty approved removals","status":"passed","title":"should handle empty approved removals","duration":0.34449999999969805,"failureMessages":[],"meta":{}}],"startTime":1769025235054,"endTime":1769025235057.863,"status":"passed","message":"","name":"C:/Users/Mati/DEV/Audiovault/frontend/src/api/sync.test.ts"},{"assertionResults":[{"ancestorTitles":["watchlistApi","getAll"],"fullName":"watchlistApi getAll should fetch watchlist from list endpoint","status":"passed","title":"should fetch watchlist from list endpoint","duration":2.718000000000302,"failureMessages":[],"meta":{}},{"ancestorTitles":["watchlistApi","add"],"fullName":"watchlistApi add should add item to watchlist","status":"passed","title":"should add item to watchlist","duration":0.7384000000001834,"failureMessages":[],"meta":{}},{"ancestorTitles":["watchlistApi","remove"],"fullName":"watchlistApi remove should remove item from watchlist","status":"passed","title":"should remove item from watchlist","duration":0.3065999999998894,"failureMessages":[],"meta":{}},{"ancestorTitles":["watchlistApi","update"],"fullName":"watchlistApi update should update watchlist item with new settings","status":"passed","title":"should update watchlist item with new settings","duration":0.3328999999998814,"failureMessages":[],"meta":{}},{"ancestorTitles":["watchlistApi","checkUpdates"],"fullName":"watchlistApi checkUpdates should trigger update check","status":"passed","title":"should trigger update check","duration":0.24050000000033833,"failureMessages":[],"meta":{}}],"startTime":1769025235044,"endTime":1769025235049.2405,"status":"passed","message":"","name":"C:/Users/Mati/DEV/Audiovault/frontend/src/api/watchlist.test.ts"},{"assertionResults":[{"ancestorTitles":["ErrorBoundary"],"fullName":"ErrorBoundary should render children when there is no error","status":"passed","title":"should render children when there is no error","duration":22.76150000000007,"failureMessages":[],"meta":{}},{"ancestorTitles":["ErrorBoundary"],"fullName":"ErrorBoundary should render error UI when child throws","status":"passed","title":"should render error UI when child throws","duration":12.141700000000128,"failureMessages":[],"meta":{}},{"ancestorTitles":["ErrorBoundary"],"fullName":"ErrorBoundary should display reload button","status":"passed","title":"should display reload button","duration":103.81620000000021,"failureMessages":[],"meta":{}},{"ancestorTitles":["ErrorBoundary"],"fullName":"ErrorBoundary should call location.reload when reload button is clicked","status":"passed","title":"should call location.reload when reload button is clicked","duration":24.23859999999968,"failureMessages":[],"meta":{}}],"startTime":1769025235073,"endTime":1769025235236.2385,"status":"passed","message":"","name":"C:/Users/Mati/DEV/Audiovault/frontend/src/components/ErrorBoundary.test.tsx"},{"assertionResults":[{"ancestorTitles":["useAudioVisualizer"],"fullName":"useAudioVisualizer should return a canvas ref","status":"passed","title":"should return a canvas ref","duration":13.98739999999998,"failureMessages":[],"meta":{}},{"ancestorTitles":["useAudioVisualizer"],"fullName":"useAudioVisualizer should not create AudioContext when no track","status":"passed","title":"should not create AudioContext when no track","duration":2.7490999999999985,"failureMessages":[],"meta":{}},{"ancestorTitles":["useAudioVisualizer"],"fullName":"useAudioVisualizer should handle isPlaying changes","status":"passed","title":"should handle isPlaying changes","duration":3.062199999999848,"failureMessages":[],"meta":{}},{"ancestorTitles":["useAudioVisualizer"],"fullName":"useAudioVisualizer should cancel animation frame on unmount","status":"passed","title":"should cancel animation frame on unmount","duration":2.4519000000000233,"failureMessages":[],"meta":{}}],"startTime":1769025235065,"endTime":1769025235087.452,"status":"passed","message":"","name":"C:/Users/Mati/DEV/Audiovault/frontend/src/hooks/useAudioVisualizer.test.ts"},{"assertionResults":[{"ancestorTitles":["useSocketEvents"],"fullName":"useSocketEvents should connect to socket server","status":"passed","title":"should connect to socket server","duration":16.73759999999993,"failureMessages":[],"meta":{}},{"ancestorTitles":["useSocketEvents"],"fullName":"useSocketEvents should register connect event handler","status":"passed","title":"should register connect event handler","duration":2.1322000000000116,"failureMessages":[],"meta":{}},{"ancestorTitles":["useSocketEvents"],"fullName":"useSocketEvents should register disconnect event handler","status":"passed","title":"should register disconnect event handler","duration":1.801900000000387,"failureMessages":[],"meta":{}},{"ancestorTitles":["useSocketEvents"],"fullName":"useSocketEvents should register connect_error event handler","status":"passed","title":"should register connect_error event handler","duration":1.6911999999997533,"failureMessages":[],"meta":{}},{"ancestorTitles":["useSocketEvents"],"fullName":"useSocketEvents should register download:progress event handler","status":"passed","title":"should register download:progress event handler","duration":1.6901000000002568,"failureMessages":[],"meta":{}},{"ancestorTitles":["useSocketEvents"],"fullName":"useSocketEvents should register download:completed event handler","status":"passed","title":"should register download:completed event handler","duration":1.2235999999998057,"failureMessages":[],"meta":{}},{"ancestorTitles":["useSocketEvents"],"fullName":"useSocketEvents should register download:error event handler","status":"passed","title":"should register download:error event handler","duration":1.1266000000000531,"failureMessages":[],"meta":{}},{"ancestorTitles":["useSocketEvents"],"fullName":"useSocketEvents should register download:processing event handler","status":"passed","title":"should register download:processing event handler","duration":1.1219999999998436,"failureMessages":[],"meta":{}},{"ancestorTitles":["useSocketEvents"],"fullName":"useSocketEvents should register download:paused event handler","status":"passed","title":"should register download:paused event handler","duration":1.3770000000004075,"failureMessages":[],"meta":{}},{"ancestorTitles":["useSocketEvents"],"fullName":"useSocketEvents should register download:cancelled event handler","status":"passed","title":"should register download:cancelled event handler","duration":1.3796000000002095,"failureMessages":[],"meta":{}},{"ancestorTitles":["useSocketEvents"],"fullName":"useSocketEvents should disconnect socket on unmount","status":"passed","title":"should disconnect socket on unmount","duration":1.134099999999762,"failureMessages":[],"meta":{}},{"ancestorTitles":["useSocketEvents"],"fullName":"useSocketEvents should return socket ref","status":"passed","title":"should return socket ref","duration":1.2555999999999585,"failureMessages":[],"meta":{}},{"ancestorTitles":["useSocketEvents"],"fullName":"useSocketEvents should dispatch CustomEvent on download:progress","status":"passed","title":"should dispatch CustomEvent on download:progress","duration":2.1929999999997563,"failureMessages":[],"meta":{}}],"startTime":1769025235065,"endTime":1769025235100.193,"status":"passed","message":"","name":"C:/Users/Mati/DEV/Audiovault/frontend/src/hooks/useSocketEvents.test.ts"},{"assertionResults":[{"ancestorTitles":["useTranslation","default language (en)"],"fullName":"useTranslation default language (en) should return translation for simple path","status":"passed","title":"should return translation for simple path","duration":13.808500000000095,"failureMessages":[],"meta":{}},{"ancestorTitles":["useTranslation","default language (en)"],"fullName":"useTranslation default language (en) should return translation for nested path","status":"passed","title":"should return translation for nested path","duration":1.5295999999998457,"failureMessages":[],"meta":{}},{"ancestorTitles":["useTranslation","default language (en)"],"fullName":"useTranslation default language (en) should return deeply nested translation","status":"passed","title":"should return deeply nested translation","duration":1.6444000000001324,"failureMessages":[],"meta":{}},{"ancestorTitles":["useTranslation","default language (en)"],"fullName":"useTranslation default language (en) should return path if translation not found","status":"passed","title":"should return path if translation not found","duration":1.3461999999999534,"failureMessages":[],"meta":{}},{"ancestorTitles":["useTranslation","default language (en)"],"fullName":"useTranslation default language (en) should return default language as en","status":"passed","title":"should return default language as en","duration":1.5015000000003056,"failureMessages":[],"meta":{}},{"ancestorTitles":["useTranslation","user language preference"],"fullName":"useTranslation user language preference should use user preferred language","status":"passed","title":"should use user preferred language","duration":0.6777999999999338,"failureMessages":[],"meta":{}},{"ancestorTitles":["useTranslation","user language preference"],"fullName":"useTranslation user language preference should fallback to English for missing translations","status":"passed","title":"should fallback to English for missing translations","duration":0.48010000000022046,"failureMessages":[],"meta":{}}],"startTime":1769025235143,"endTime":1769025235164.48,"status":"passed","message":"","name":"C:/Users/Mati/DEV/Audiovault/frontend/src/hooks/useTranslation.test.ts"},{"assertionResults":[{"ancestorTitles":["Login"],"fullName":"Login should render Logo component","status":"passed","title":"should render Logo component","duration":32.060599999999795,"failureMessages":[],"meta":{}},{"ancestorTitles":["Login"],"fullName":"Login should render sign in message","status":"passed","title":"should render sign in message","duration":7.080899999999929,"failureMessages":[],"meta":{}},{"ancestorTitles":["Login"],"fullName":"Login should render LoginForm component","status":"passed","title":"should render LoginForm component","duration":3.6334999999999127,"failureMessages":[],"meta":{}},{"ancestorTitles":["Login"],"fullName":"Login should render link to register page","status":"passed","title":"should render link to register page","duration":145.44900000000007,"failureMessages":[],"meta":{}},{"ancestorTitles":["Login"],"fullName":"Login should display \"Don't have an account?\" text","status":"passed","title":"should display \"Don't have an account?\" text","duration":4.075600000000122,"failureMessages":[],"meta":{}}],"startTime":1769025234771,"endTime":1769025234963.0757,"status":"passed","message":"","name":"C:/Users/Mati/DEV/Audiovault/frontend/src/pages/Login.test.tsx"},{"assertionResults":[{"ancestorTitles":["NotFound"],"fullName":"NotFound should render 404 heading","status":"passed","title":"should render 404 heading","duration":38.71849999999995,"failureMessages":[],"meta":{}},{"ancestorTitles":["NotFound"],"fullName":"NotFound should display \"page not found\" message in Polish","status":"passed","title":"should display \"page not found\" message in Polish","duration":5.445000000000164,"failureMessages":[],"meta":{}},{"ancestorTitles":["NotFound"],"fullName":"NotFound should display descriptive text","status":"passed","title":"should display descriptive text","duration":4.456399999999576,"failureMessages":[],"meta":{}},{"ancestorTitles":["NotFound"],"fullName":"NotFound should render home link","status":"passed","title":"should render home link","duration":116.77199999999993,"failureMessages":[],"meta":{}},{"ancestorTitles":["NotFound"],"fullName":"NotFound should render AlertCircle icon","status":"passed","title":"should render AlertCircle icon","duration":5.386600000000271,"failureMessages":[],"meta":{}}],"startTime":1769025234887,"endTime":1769025235058.3867,"status":"passed","message":"","name":"C:/Users/Mati/DEV/Audiovault/frontend/src/pages/NotFound.test.tsx"},{"assertionResults":[{"ancestorTitles":["Register"],"fullName":"Register should render \"Join Audiovault\" heading","status":"passed","title":"should render \"Join Audiovault\" heading","duration":160.20299999999997,"failureMessages":[],"meta":{}},{"ancestorTitles":["Register"],"fullName":"Register should render description text","status":"passed","title":"should render description text","duration":6.296899999999823,"failureMessages":[],"meta":{}},{"ancestorTitles":["Register"],"fullName":"Register should render RegisterForm component","status":"passed","title":"should render RegisterForm component","duration":3.569600000000264,"failureMessages":[],"meta":{}},{"ancestorTitles":["Register"],"fullName":"Register should render link to login page","status":"passed","title":"should render link to login page","duration":14.202500000000327,"failureMessages":[],"meta":{}},{"ancestorTitles":["Register"],"fullName":"Register should display \"Already have an account?\" text","status":"passed","title":"should display \"Already have an account?\" text","duration":3.9191000000000713,"failureMessages":[],"meta":{}}],"startTime":1769025234828,"endTime":1769025235015.9192,"status":"passed","message":"","name":"C:/Users/Mati/DEV/Audiovault/frontend/src/pages/Register.test.tsx"},{"assertionResults":[{"ancestorTitles":["API Service","API creation"],"fullName":"API Service API creation should create axios instance with correct base URL","status":"passed","title":"should create axios instance with correct base URL","duration":14.621699999999691,"failureMessages":[],"meta":{}},{"ancestorTitles":["API Service","injectStore"],"fullName":"API Service injectStore should inject store successfully","status":"passed","title":"should inject store successfully","duration":1.1650000000004184,"failureMessages":[],"meta":{}}],"startTime":1769025235024,"endTime":1769025235040.165,"status":"passed","message":"","name":"C:/Users/Mati/DEV/Audiovault/frontend/src/services/api.test.ts"},{"assertionResults":[{"ancestorTitles":["cn (className utility)"],"fullName":"cn (className utility) should merge single class","status":"passed","title":"should merge single class","duration":6.542400000000271,"failureMessages":[],"meta":{}},{"ancestorTitles":["cn (className utility)"],"fullName":"cn (className utility) should merge multiple classes","status":"passed","title":"should merge multiple classes","duration":0.36560000000008586,"failureMessages":[],"meta":{}},{"ancestorTitles":["cn (className utility)"],"fullName":"cn (className utility) should handle conditional classes","status":"passed","title":"should handle conditional classes","duration":0.42230000000017753,"failureMessages":[],"meta":{}},{"ancestorTitles":["cn (className utility)"],"fullName":"cn (className utility) should handle undefined and null","status":"passed","title":"should handle undefined and null","duration":0.19329999999990832,"failureMessages":[],"meta":{}},{"ancestorTitles":["cn (className utility)"],"fullName":"cn (className utility) should merge tailwind classes and remove conflicts","status":"passed","title":"should merge tailwind classes and remove conflicts","duration":0.8225999999999658,"failureMessages":[],"meta":{}},{"ancestorTitles":["cn (className utility)"],"fullName":"cn (className utility) should handle arrays","status":"passed","title":"should handle arrays","duration":0.14210000000002765,"failureMessages":[],"meta":{}},{"ancestorTitles":["cn (className utility)"],"fullName":"cn (className utility) should handle objects","status":"passed","title":"should handle objects","duration":0.14270000000033178,"failureMessages":[],"meta":{}},{"ancestorTitles":["cn (className utility)"],"fullName":"cn (className utility) should handle empty input","status":"passed","title":"should handle empty input","duration":0.14049999999997453,"failureMessages":[],"meta":{}},{"ancestorTitles":["cn (className utility)"],"fullName":"cn (className utility) should handle complex tailwind merging","status":"passed","title":"should handle complex tailwind merging","duration":0.3000000000001819,"failureMessages":[],"meta":{}}],"startTime":1769025235025,"endTime":1769025235034.3,"status":"passed","message":"","name":"C:/Users/Mati/DEV/Audiovault/frontend/src/lib/utils.test.ts"},{"assertionResults":[{"ancestorTitles":["formatTime"],"fullName":"formatTime should format 0 seconds as \"0:00\"","status":"passed","title":"should format 0 seconds as \"0:00\"","duration":0.6768999999999323,"failureMessages":[],"meta":{}},{"ancestorTitles":["formatTime"],"fullName":"formatTime should format 59 seconds as \"0:59\"","status":"passed","title":"should format 59 seconds as \"0:59\"","duration":0.12100000000009459,"failureMessages":[],"meta":{}},{"ancestorTitles":["formatTime"],"fullName":"formatTime should format 60 seconds as \"1:00\"","status":"passed","title":"should format 60 seconds as \"1:00\"","duration":0.10300000000006548,"failureMessages":[],"meta":{}},{"ancestorTitles":["formatTime"],"fullName":"formatTime should format 90 seconds as \"1:30\"","status":"passed","title":"should format 90 seconds as \"1:30\"","duration":0.08460000000013679,"failureMessages":[],"meta":{}},{"ancestorTitles":["formatTime"],"fullName":"formatTime should format 3661 seconds as \"61:01\"","status":"passed","title":"should format 3661 seconds as \"61:01\"","duration":0.07600000000002183,"failureMessages":[],"meta":{}},{"ancestorTitles":["formatTime"],"fullName":"formatTime should handle decimal values by flooring","status":"passed","title":"should handle decimal values by flooring","duration":0.049100000000180444,"failureMessages":[],"meta":{}},{"ancestorTitles":["formatTime"],"fullName":"formatTime should pad single digit seconds with leading zero","status":"passed","title":"should pad single digit seconds with leading zero","duration":0.0807999999999538,"failureMessages":[],"meta":{}},{"ancestorTitles":["formatTime"],"fullName":"formatTime should return \"0:00\" for NaN input","status":"passed","title":"should return \"0:00\" for NaN input","duration":0.05169999999998254,"failureMessages":[],"meta":{}}],"startTime":1769025235511,"endTime":1769025235512.103,"status":"passed","message":"","name":"C:/Users/Mati/DEV/Audiovault/frontend/src/utils/format.test.ts"},{"assertionResults":[{"ancestorTitles":["notify","success"],"fullName":"notify success should add notification to store and show toast","status":"passed","title":"should add notification to store and show toast","duration":2.5143000000002758,"failureMessages":[],"meta":{}},{"ancestorTitles":["notify","error"],"fullName":"notify error should add notification to store and show error toast","status":"passed","title":"should add notification to store and show error toast","duration":0.43640000000004875,"failureMessages":[],"meta":{}},{"ancestorTitles":["notify","info"],"fullName":"notify info should add notification to store and show info toast with icon","status":"passed","title":"should add notification to store and show info toast with icon","duration":0.7319999999999709,"failureMessages":[],"meta":{}},{"ancestorTitles":["notify","warning"],"fullName":"notify warning should add notification to store and show warning toast with icon","status":"passed","title":"should add notification to store and show warning toast with icon","duration":0.32819999999992433,"failureMessages":[],"meta":{}},{"ancestorTitles":["notify","custom"],"fullName":"notify custom should expose the raw toast function","status":"passed","title":"should expose the raw toast function","duration":0.2925000000000182,"failureMessages":[],"meta":{}}],"startTime":1769025235053,"endTime":1769025235057.3281,"status":"passed","message":"","name":"C:/Users/Mati/DEV/Audiovault/frontend/src/utils/notify.test.ts"},{"assertionResults":[{"ancestorTitles":["isValidImageUrl","valid URLs"],"fullName":"isValidImageUrl valid URLs should return true for http URLs","status":"passed","title":"should return true for http URLs","duration":0.7117000000000644,"failureMessages":[],"meta":{}},{"ancestorTitles":["isValidImageUrl","valid URLs"],"fullName":"isValidImageUrl valid URLs should return true for https URLs","status":"passed","title":"should return true for https URLs","duration":0.11979999999994106,"failureMessages":[],"meta":{}},{"ancestorTitles":["isValidImageUrl","valid URLs"],"fullName":"isValidImageUrl valid URLs should return true for URLs with query parameters","status":"passed","title":"should return true for URLs with query parameters","duration":0.09969999999998436,"failureMessages":[],"meta":{}},{"ancestorTitles":["isValidImageUrl","valid URLs"],"fullName":"isValidImageUrl valid URLs should return true for relative paths starting with /","status":"passed","title":"should return true for relative paths starting with /","duration":0.0963000000001557,"failureMessages":[],"meta":{}},{"ancestorTitles":["isValidImageUrl","valid URLs"],"fullName":"isValidImageUrl valid URLs should return true for complex CDN URLs","status":"passed","title":"should return true for complex CDN URLs","duration":0.08680000000003929,"failureMessages":[],"meta":{}},{"ancestorTitles":["isValidImageUrl","invalid URLs"],"fullName":"isValidImageUrl invalid URLs should return false for null","status":"passed","title":"should return false for null","duration":0.05809999999996762,"failureMessages":[],"meta":{}},{"ancestorTitles":["isValidImageUrl","invalid URLs"],"fullName":"isValidImageUrl invalid URLs should return false for undefined","status":"passed","title":"should return false for undefined","duration":0.04989999999997963,"failureMessages":[],"meta":{}},{"ancestorTitles":["isValidImageUrl","invalid URLs"],"fullName":"isValidImageUrl invalid URLs should return false for empty string","status":"passed","title":"should return false for empty string","duration":0.0466999999998734,"failureMessages":[],"meta":{}},{"ancestorTitles":["isValidImageUrl","invalid URLs"],"fullName":"isValidImageUrl invalid URLs should return false for javascript: protocol (XSS prevention)","status":"passed","title":"should return false for javascript: protocol (XSS prevention)","duration":0.06920000000013715,"failureMessages":[],"meta":{}},{"ancestorTitles":["isValidImageUrl","invalid URLs"],"fullName":"isValidImageUrl invalid URLs should return false for data: URLs","status":"passed","title":"should return false for data: URLs","duration":0.07930000000010295,"failureMessages":[],"meta":{}},{"ancestorTitles":["isValidImageUrl","invalid URLs"],"fullName":"isValidImageUrl invalid URLs should return false for file: protocol","status":"passed","title":"should return false for file: protocol","duration":0.06330000000002656,"failureMessages":[],"meta":{}},{"ancestorTitles":["isValidImageUrl","invalid URLs"],"fullName":"isValidImageUrl invalid URLs should return false for ftp: protocol","status":"passed","title":"should return false for ftp: protocol","duration":0.039300000000139335,"failureMessages":[],"meta":{}},{"ancestorTitles":["isValidImageUrl","invalid URLs"],"fullName":"isValidImageUrl invalid URLs should return false for malformed URLs (not starting with /)","status":"passed","title":"should return false for malformed URLs (not starting with /)","duration":0.04490000000009786,"failureMessages":[],"meta":{}},{"ancestorTitles":["isValidImageUrl","invalid URLs"],"fullName":"isValidImageUrl invalid URLs should return false for relative paths without leading /","status":"passed","title":"should return false for relative paths without leading /","duration":0.038399999999910506,"failureMessages":[],"meta":{}}],"startTime":1769025235432,"endTime":1769025235433.0962,"status":"passed","message":"","name":"C:/Users/Mati/DEV/Audiovault/frontend/src/utils/validation.test.ts"},{"assertionResults":[{"ancestorTitles":["Logo"],"fullName":"Logo should render logo image","status":"passed","title":"should render logo image","duration":30.25610000000006,"failureMessages":[],"meta":{}},{"ancestorTitles":["Logo"],"fullName":"Logo should show text by default","status":"passed","title":"should show text by default","duration":5.842399999999998,"failureMessages":[],"meta":{}},{"ancestorTitles":["Logo"],"fullName":"Logo should hide text when showText is false","status":"passed","title":"should hide text when showText is false","duration":1.6640000000002146,"failureMessages":[],"meta":{}},{"ancestorTitles":["Logo"],"fullName":"Logo should apply custom className","status":"passed","title":"should apply custom className","duration":1.6914999999999054,"failureMessages":[],"meta":{}},{"ancestorTitles":["Logo","sizes"],"fullName":"Logo sizes should apply sm size classes","status":"passed","title":"should apply sm size classes","duration":8.700599999999667,"failureMessages":[],"meta":{}},{"ancestorTitles":["Logo","sizes"],"fullName":"Logo sizes should apply md size classes (default)","status":"passed","title":"should apply md size classes (default)","duration":2.5673000000001593,"failureMessages":[],"meta":{}},{"ancestorTitles":["Logo","sizes"],"fullName":"Logo sizes should apply lg size classes","status":"passed","title":"should apply lg size classes","duration":1.9880000000002838,"failureMessages":[],"meta":{}},{"ancestorTitles":["Logo","sizes"],"fullName":"Logo sizes should apply xl size classes","status":"passed","title":"should apply xl size classes","duration":1.8134000000000015,"failureMessages":[],"meta":{}},{"ancestorTitles":["Logo","text sizes"],"fullName":"Logo text sizes should apply correct text size for sm","status":"passed","title":"should apply correct text size for sm","duration":1.7161000000000968,"failureMessages":[],"meta":{}},{"ancestorTitles":["Logo","text sizes"],"fullName":"Logo text sizes should apply correct text size for lg","status":"passed","title":"should apply correct text size for lg","duration":1.980199999999968,"failureMessages":[],"meta":{}}],"startTime":1769025234971,"endTime":1769025235028.9802,"status":"passed","message":"","name":"C:/Users/Mati/DEV/Audiovault/frontend/src/components/common/Logo.test.tsx"},{"assertionResults":[{"ancestorTitles":["PlayerControls"],"fullName":"PlayerControls should render all control buttons","status":"passed","title":"should render all control buttons","duration":172.5544,"failureMessages":[],"meta":{}},{"ancestorTitles":["PlayerControls"],"fullName":"PlayerControls should show Play button when not playing","status":"passed","title":"should show Play button when not playing","duration":18.466999999999643,"failureMessages":[],"meta":{}},{"ancestorTitles":["PlayerControls"],"fullName":"PlayerControls should show Pause button when playing","status":"passed","title":"should show Pause button when playing","duration":18.738400000000183,"failureMessages":[],"meta":{}},{"ancestorTitles":["PlayerControls"],"fullName":"PlayerControls should call togglePlay when play button is clicked","status":"passed","title":"should call togglePlay when play button is clicked","duration":37.341399999999794,"failureMessages":[],"meta":{}},{"ancestorTitles":["PlayerControls"],"fullName":"PlayerControls should call prevTrack when previous button is clicked","status":"passed","title":"should call prevTrack when previous button is clicked","duration":25.30639999999994,"failureMessages":[],"meta":{}},{"ancestorTitles":["PlayerControls"],"fullName":"PlayerControls should call nextTrack when next button is clicked","status":"passed","title":"should call nextTrack when next button is clicked","duration":26.521400000000085,"failureMessages":[],"meta":{}},{"ancestorTitles":["PlayerControls"],"fullName":"PlayerControls should apply expanded styles when isExpanded is true","status":"passed","title":"should apply expanded styles when isExpanded is true","duration":12.369599999999991,"failureMessages":[],"meta":{}},{"ancestorTitles":["PlayerControls"],"fullName":"PlayerControls should apply collapsed styles when isExpanded is false","status":"passed","title":"should apply collapsed styles when isExpanded is false","duration":9.451000000000022,"failureMessages":[],"meta":{}}],"startTime":1769025234648,"endTime":1769025234969.451,"status":"passed","message":"","name":"C:/Users/Mati/DEV/Audiovault/frontend/src/components/player/PlayerControls.test.tsx"},{"assertionResults":[{"ancestorTitles":["ProgressBar"],"fullName":"ProgressBar should render current time","status":"passed","title":"should render current time","duration":43.34860000000026,"failureMessages":[],"meta":{}},{"ancestorTitles":["ProgressBar"],"fullName":"ProgressBar should render duration","status":"passed","title":"should render duration","duration":4.935399999999845,"failureMessages":[],"meta":{}},{"ancestorTitles":["ProgressBar"],"fullName":"ProgressBar should render seek slider","status":"passed","title":"should render seek slider","duration":117.67489999999998,"failureMessages":[],"meta":{}},{"ancestorTitles":["ProgressBar"],"fullName":"ProgressBar should set correct slider value","status":"passed","title":"should set correct slider value","duration":15.387299999999868,"failureMessages":[],"meta":{}},{"ancestorTitles":["ProgressBar"],"fullName":"ProgressBar should call onSeek when slider is changed","status":"passed","title":"should call onSeek when slider is changed","duration":18.32719999999972,"failureMessages":[],"meta":{}},{"ancestorTitles":["ProgressBar"],"fullName":"ProgressBar should handle zero duration","status":"passed","title":"should handle zero duration","duration":3.6316000000001623,"failureMessages":[],"meta":{}},{"ancestorTitles":["ProgressBar"],"fullName":"ProgressBar should be hidden on mobile when not expanded","status":"passed","title":"should be hidden on mobile when not expanded","duration":2.997899999999845,"failureMessages":[],"meta":{}},{"ancestorTitles":["ProgressBar"],"fullName":"ProgressBar should be visible when expanded","status":"passed","title":"should be visible when expanded","duration":2.267899999999827,"failureMessages":[],"meta":{}},{"ancestorTitles":["ProgressBar"],"fullName":"ProgressBar should format time correctly for various values","status":"passed","title":"should format time correctly for various values","duration":5.955399999999827,"failureMessages":[],"meta":{}}],"startTime":1769025234733,"endTime":1769025234947.9553,"status":"passed","message":"","name":"C:/Users/Mati/DEV/Audiovault/frontend/src/components/player/ProgressBar.test.tsx"},{"assertionResults":[{"ancestorTitles":["TrackInfo"],"fullName":"TrackInfo should render track title","status":"passed","title":"should render track title","duration":35.821100000000115,"failureMessages":[],"meta":{}},{"ancestorTitles":["TrackInfo"],"fullName":"TrackInfo should render track artist","status":"passed","title":"should render track artist","duration":3.739100000000235,"failureMessages":[],"meta":{}},{"ancestorTitles":["TrackInfo"],"fullName":"TrackInfo should render cover image when available","status":"passed","title":"should render cover image when available","duration":2.9088000000001557,"failureMessages":[],"meta":{}},{"ancestorTitles":["TrackInfo"],"fullName":"TrackInfo should render fallback emoji when no cover","status":"passed","title":"should render fallback emoji when no cover","duration":2.587699999999586,"failureMessages":[],"meta":{}},{"ancestorTitles":["TrackInfo"],"fullName":"TrackInfo should apply expanded styles when isExpanded is true","status":"passed","title":"should apply expanded styles when isExpanded is true","duration":2.756800000000112,"failureMessages":[],"meta":{}},{"ancestorTitles":["TrackInfo"],"fullName":"TrackInfo should apply collapsed styles when isExpanded is false","status":"passed","title":"should apply collapsed styles when isExpanded is false","duration":1.4493999999999687,"failureMessages":[],"meta":{}},{"ancestorTitles":["TrackInfo"],"fullName":"TrackInfo should show larger cover in expanded mode","status":"passed","title":"should show larger cover in expanded mode","duration":4.86200000000008,"failureMessages":[],"meta":{}},{"ancestorTitles":["TrackInfo"],"fullName":"TrackInfo should show smaller cover in collapsed mode","status":"passed","title":"should show smaller cover in collapsed mode","duration":1.3579999999997199,"failureMessages":[],"meta":{}},{"ancestorTitles":["TrackInfo"],"fullName":"TrackInfo should handle long titles with truncation","status":"passed","title":"should handle long titles with truncation","duration":1.375,"failureMessages":[],"meta":{}}],"startTime":1769025235065,"endTime":1769025235122.375,"status":"passed","message":"","name":"C:/Users/Mati/DEV/Audiovault/frontend/src/components/player/TrackInfo.test.tsx"},{"assertionResults":[{"ancestorTitles":["VolumeControl"],"fullName":"VolumeControl should render volume button","status":"passed","title":"should render volume button","duration":179.64530000000013,"failureMessages":[],"meta":{}},{"ancestorTitles":["VolumeControl"],"fullName":"VolumeControl should render volume slider","status":"passed","title":"should render volume slider","duration":17.425700000000234,"failureMessages":[],"meta":{}},{"ancestorTitles":["VolumeControl"],"fullName":"VolumeControl should show Volume2 icon when not muted","status":"passed","title":"should show Volume2 icon when not muted","duration":10.787300000000414,"failureMessages":[],"meta":{}},{"ancestorTitles":["VolumeControl"],"fullName":"VolumeControl should show VolumeX icon when muted","status":"passed","title":"should show VolumeX icon when muted","duration":10.054999999999836,"failureMessages":[],"meta":{}},{"ancestorTitles":["VolumeControl"],"fullName":"VolumeControl should mute when volume button is clicked and not muted","status":"passed","title":"should mute when volume button is clicked and not muted","duration":34.083100000000286,"failureMessages":[],"meta":{}},{"ancestorTitles":["VolumeControl"],"fullName":"VolumeControl should unmute when volume button is clicked and muted","status":"passed","title":"should unmute when volume button is clicked and muted","duration":18.48680000000013,"failureMessages":[],"meta":{}},{"ancestorTitles":["VolumeControl"],"fullName":"VolumeControl should call setVolume when slider is changed","status":"passed","title":"should call setVolume when slider is changed","duration":12.60550000000012,"failureMessages":[],"meta":{}},{"ancestorTitles":["VolumeControl"],"fullName":"VolumeControl should set correct slider value","status":"passed","title":"should set correct slider value","duration":9.761799999999766,"failureMessages":[],"meta":{}},{"ancestorTitles":["VolumeControl"],"fullName":"VolumeControl should be hidden on mobile when not expanded","status":"passed","title":"should be hidden on mobile when not expanded","duration":3.6738000000000284,"failureMessages":[],"meta":{}},{"ancestorTitles":["VolumeControl"],"fullName":"VolumeControl should be visible when expanded","status":"passed","title":"should be visible when expanded","duration":2.9593999999997322,"failureMessages":[],"meta":{}}],"startTime":1769025234726,"endTime":1769025235025.9595,"status":"passed","message":"","name":"C:/Users/Mati/DEV/Audiovault/frontend/src/components/player/VolumeControl.test.tsx"},{"assertionResults":[{"ancestorTitles":["ArtistCard"],"fullName":"ArtistCard should render artist name","status":"passed","title":"should render artist name","duration":34.92480000000023,"failureMessages":[],"meta":{}},{"ancestorTitles":["ArtistCard"],"fullName":"ArtistCard should render source","status":"passed","title":"should render source","duration":4.633199999999761,"failureMessages":[],"meta":{}},{"ancestorTitles":["ArtistCard"],"fullName":"ArtistCard should render artist image when available","status":"passed","title":"should render artist image when available","duration":4.586199999999735,"failureMessages":[],"meta":{}},{"ancestorTitles":["ArtistCard"],"fullName":"ArtistCard should render fallback when no image","status":"passed","title":"should render fallback when no image","duration":3.669300000000021,"failureMessages":[],"meta":{}},{"ancestorTitles":["ArtistCard"],"fullName":"ArtistCard should navigate to artist page on click","status":"passed","title":"should navigate to artist page on click","duration":138.65769999999975,"failureMessages":[],"meta":{}},{"ancestorTitles":["ArtistCard"],"fullName":"ArtistCard should add to watchlist when button is clicked","status":"passed","title":"should add to watchlist when button is clicked","duration":22.913900000000012,"failureMessages":[],"meta":{}},{"ancestorTitles":["ArtistCard"],"fullName":"ArtistCard should show error when adding to watchlist fails","status":"passed","title":"should show error when adding to watchlist fails","duration":17.414999999999964,"failureMessages":[],"meta":{}},{"ancestorTitles":["ArtistCard"],"fullName":"ArtistCard should change button to \"Added\" state after successful add","status":"passed","title":"should change button to \"Added\" state after successful add","duration":16.118600000000242,"failureMessages":[],"meta":{}},{"ancestorTitles":["ArtistCard"],"fullName":"ArtistCard should disable button after adding","status":"passed","title":"should disable button after adding","duration":19.421899999999823,"failureMessages":[],"meta":{}}],"startTime":1769025234789,"endTime":1769025235051.4219,"status":"passed","message":"","name":"C:/Users/Mati/DEV/Audiovault/frontend/src/components/search/ArtistCard.test.tsx"},{"assertionResults":[{"ancestorTitles":["PlaylistCard"],"fullName":"PlaylistCard should render playlist title","status":"passed","title":"should render playlist title","duration":32.03319999999985,"failureMessages":[],"meta":{}},{"ancestorTitles":["PlaylistCard"],"fullName":"PlaylistCard should render source","status":"passed","title":"should render source","duration":4.5931000000000495,"failureMessages":[],"meta":{}},{"ancestorTitles":["PlaylistCard"],"fullName":"PlaylistCard should render tracks count","status":"passed","title":"should render tracks count","duration":3.7814000000003034,"failureMessages":[],"meta":{}},{"ancestorTitles":["PlaylistCard"],"fullName":"PlaylistCard should not render tracks count when not provided","status":"passed","title":"should not render tracks count when not provided","duration":3.691899999999805,"failureMessages":[],"meta":{}},{"ancestorTitles":["PlaylistCard"],"fullName":"PlaylistCard should render playlist image when available","status":"passed","title":"should render playlist image when available","duration":4.0427999999997155,"failureMessages":[],"meta":{}},{"ancestorTitles":["PlaylistCard"],"fullName":"PlaylistCard should render fallback when no image","status":"passed","title":"should render fallback when no image","duration":3.282600000000002,"failureMessages":[],"meta":{}},{"ancestorTitles":["PlaylistCard"],"fullName":"PlaylistCard should navigate to playlist page on click","status":"passed","title":"should navigate to playlist page on click","duration":83.28950000000032,"failureMessages":[],"meta":{}},{"ancestorTitles":["PlaylistCard"],"fullName":"PlaylistCard should add to watchlist when button is clicked","status":"passed","title":"should add to watchlist when button is clicked","duration":13.44320000000016,"failureMessages":[],"meta":{}},{"ancestorTitles":["PlaylistCard"],"fullName":"PlaylistCard should show error when adding fails","status":"passed","title":"should show error when adding fails","duration":13.005200000000059,"failureMessages":[],"meta":{}},{"ancestorTitles":["PlaylistCard"],"fullName":"PlaylistCard should render spotify icon for spotify source","status":"passed","title":"should render spotify icon for spotify source","duration":1.6194000000000415,"failureMessages":[],"meta":{}},{"ancestorTitles":["PlaylistCard"],"fullName":"PlaylistCard should render youtube icon for youtube source","status":"passed","title":"should render youtube icon for youtube source","duration":1.303599999999733,"failureMessages":[],"meta":{}}],"startTime":1769025235113,"endTime":1769025235277.3037,"status":"passed","message":"","name":"C:/Users/Mati/DEV/Audiovault/frontend/src/components/search/PlaylistCard.test.tsx"},{"assertionResults":[{"ancestorTitles":["TrackCard"],"fullName":"TrackCard should render track title","status":"passed","title":"should render track title","duration":62.02549999999974,"failureMessages":[],"meta":{}},{"ancestorTitles":["TrackCard"],"fullName":"TrackCard should render track artist","status":"passed","title":"should render track artist","duration":7.105399999999918,"failureMessages":[],"meta":{}},{"ancestorTitles":["TrackCard"],"fullName":"TrackCard should render cover image when available","status":"passed","title":"should render cover image when available","duration":6.7620999999999185,"failureMessages":[],"meta":{}},{"ancestorTitles":["TrackCard"],"fullName":"TrackCard should render fallback when no cover image","status":"passed","title":"should render fallback when no cover image","duration":6.3554000000003725,"failureMessages":[],"meta":{}},{"ancestorTitles":["TrackCard"],"fullName":"TrackCard should format duration correctly","status":"passed","title":"should format duration correctly","duration":7.281800000000203,"failureMessages":[],"meta":{}},{"ancestorTitles":["TrackCard"],"fullName":"TrackCard should call playTrack when card is clicked","status":"failed","title":"should call playTrack when card is clicked","duration":19.404299999999694,"failureMessages":["AssertionError: expected \"vi.fn()\" to be called at least once\n    at Proxy.<anonymous> (file:///C:/Users/Mati/DEV/Audiovault/frontend/node_modules/@vitest/expect/dist/index.js:1400:10)\n    at Proxy.<anonymous> (file:///C:/Users/Mati/DEV/Audiovault/frontend/node_modules/@vitest/expect/dist/index.js:1090:14)\n    at Proxy.methodWrapper (file:///C:/Users/Mati/DEV/Audiovault/frontend/node_modules/chai/index.js:1700:25)\n    at C:/Users/Mati/DEV/Audiovault/frontend/src/components/search/TrackCard.test.tsx:123:27\n    at file:///C:/Users/Mati/DEV/Audiovault/frontend/node_modules/@vitest/runner/dist/index.js:145:11\n    at file:///C:/Users/Mati/DEV/Audiovault/frontend/node_modules/@vitest/runner/dist/index.js:915:26\n    at file:///C:/Users/Mati/DEV/Audiovault/frontend/node_modules/@vitest/runner/dist/index.js:1243:20\n    at new Promise (<anonymous>)\n    at runWithTimeout (file:///C:/Users/Mati/DEV/Audiovault/frontend/node_modules/@vitest/runner/dist/index.js:1209:10)\n    at file:///C:/Users/Mati/DEV/Audiovault/frontend/node_modules/@vitest/runner/dist/index.js:1653:37"],"meta":{}},{"ancestorTitles":["TrackCard"],"fullName":"TrackCard should add to download queue when download button is clicked","status":"passed","title":"should add to download queue when download button is clicked","duration":138.10940000000028,"failureMessages":[],"meta":{}},{"ancestorTitles":["TrackCard"],"fullName":"TrackCard should show error when download fails","status":"passed","title":"should show error when download fails","duration":24.031400000000303,"failureMessages":[],"meta":{}},{"ancestorTitles":["TrackCard"],"fullName":"TrackCard should add to library when add button is clicked","status":"passed","title":"should add to library when add button is clicked","duration":26.091799999999694,"failureMessages":[],"meta":{}}],"startTime":1769025234534,"endTime":1769025234831.0918,"status":"failed","message":"","name":"C:/Users/Mati/DEV/Audiovault/frontend/src/components/search/TrackCard.test.tsx"},{"assertionResults":[{"ancestorTitles":["authSlice","initial state"],"fullName":"authSlice initial state should have null user when no session exists","status":"passed","title":"should have null user when no session exists","duration":1.9743000000003121,"failureMessages":[],"meta":{}},{"ancestorTitles":["authSlice","initial state"],"fullName":"authSlice initial state should not be authenticated when no session exists","status":"passed","title":"should not be authenticated when no session exists","duration":0.4277999999999338,"failureMessages":[],"meta":{}},{"ancestorTitles":["authSlice","initial state"],"fullName":"authSlice initial state should restore user from sessions if token matches","status":"passed","title":"should restore user from sessions if token matches","duration":1.0905000000002474,"failureMessages":[],"meta":{}},{"ancestorTitles":["authSlice","setUser"],"fullName":"authSlice setUser should set user","status":"passed","title":"should set user","duration":0.2746999999999389,"failureMessages":[],"meta":{}},{"ancestorTitles":["authSlice","setUser"],"fullName":"authSlice setUser should set user to null","status":"passed","title":"should set user to null","duration":0.2620999999999185,"failureMessages":[],"meta":{}},{"ancestorTitles":["authSlice","setTokens"],"fullName":"authSlice setTokens should store tokens in localStorage","status":"passed","title":"should store tokens in localStorage","duration":0.9944000000000415,"failureMessages":[],"meta":{}},{"ancestorTitles":["authSlice","setTokens"],"fullName":"authSlice setTokens should update state with tokens","status":"passed","title":"should update state with tokens","duration":0.22450000000026193,"failureMessages":[],"meta":{}},{"ancestorTitles":["authSlice","setTokens"],"fullName":"authSlice setTokens should remove tokens from localStorage when null","status":"passed","title":"should remove tokens from localStorage when null","duration":0.28359999999975116,"failureMessages":[],"meta":{}},{"ancestorTitles":["authSlice","addSession"],"fullName":"authSlice addSession should add session and set as current","status":"passed","title":"should add session and set as current","duration":0.35459999999966385,"failureMessages":[],"meta":{}},{"ancestorTitles":["authSlice","addSession"],"fullName":"authSlice addSession should store sessions in localStorage","status":"passed","title":"should store sessions in localStorage","duration":1.525600000000395,"failureMessages":[],"meta":{}},{"ancestorTitles":["authSlice","switchSession"],"fullName":"authSlice switchSession should switch to another session","status":"passed","title":"should switch to another session","duration":0.2604999999998654,"failureMessages":[],"meta":{}},{"ancestorTitles":["authSlice","switchSession"],"fullName":"authSlice switchSession should not change state if session not found","status":"passed","title":"should not change state if session not found","duration":0.11070000000017899,"failureMessages":[],"meta":{}},{"ancestorTitles":["authSlice","removeSession"],"fullName":"authSlice removeSession should remove session from sessions object","status":"passed","title":"should remove session from sessions object","duration":0.22319999999990614,"failureMessages":[],"meta":{}},{"ancestorTitles":["authSlice","removeSession"],"fullName":"authSlice removeSession should logout if removing current session","status":"passed","title":"should logout if removing current session","duration":0.16940000000022337,"failureMessages":[],"meta":{}},{"ancestorTitles":["authSlice","updateUserPreferences"],"fullName":"authSlice updateUserPreferences should update user preferences","status":"passed","title":"should update user preferences","duration":0.20890000000008513,"failureMessages":[],"meta":{}},{"ancestorTitles":["authSlice","updateUserPreferences"],"fullName":"authSlice updateUserPreferences should not fail if no user logged in","status":"passed","title":"should not fail if no user logged in","duration":0.9079999999999018,"failureMessages":[],"meta":{}},{"ancestorTitles":["authSlice","updateUserPreferences"],"fullName":"authSlice updateUserPreferences should update sessions in localStorage","status":"passed","title":"should update sessions in localStorage","duration":0.39180000000033033,"failureMessages":[],"meta":{}},{"ancestorTitles":["authSlice","syncUser"],"fullName":"authSlice syncUser should sync user and update session","status":"passed","title":"should sync user and update session","duration":0.19509999999991123,"failureMessages":[],"meta":{}},{"ancestorTitles":["authSlice","syncUser"],"fullName":"authSlice syncUser should not sync if no tokens available","status":"passed","title":"should not sync if no tokens available","duration":0.09500000000025466,"failureMessages":[],"meta":{}},{"ancestorTitles":["authSlice","logout"],"fullName":"authSlice logout should clear user and tokens","status":"passed","title":"should clear user and tokens","duration":0.14089999999987413,"failureMessages":[],"meta":{}},{"ancestorTitles":["authSlice","logout"],"fullName":"authSlice logout should remove tokens from localStorage","status":"passed","title":"should remove tokens from localStorage","duration":0.20060000000012224,"failureMessages":[],"meta":{}}],"startTime":1769025235073,"endTime":1769025235084.2007,"status":"passed","message":"","name":"C:/Users/Mati/DEV/Audiovault/frontend/src/store/slices/authSlice.test.ts"},{"assertionResults":[{"ancestorTitles":["notificationSlice","initial state"],"fullName":"notificationSlice initial state should have empty notifications array","status":"passed","title":"should have empty notifications array","duration":1.9195999999997184,"failureMessages":[],"meta":{}},{"ancestorTitles":["notificationSlice","showNotification"],"fullName":"notificationSlice showNotification should add notification to queue","status":"failed","title":"should add notification to queue","duration":3.167399999999816,"failureMessages":["TypeError: state.showNotification is not a function\n    at C:/Users/Mati/DEV/Audiovault/frontend/src/store/slices/notificationSlice.test.ts:47:13\n    at file:///C:/Users/Mati/DEV/Audiovault/frontend/node_modules/@vitest/runner/dist/index.js:145:11\n    at file:///C:/Users/Mati/DEV/Audiovault/frontend/node_modules/@vitest/runner/dist/index.js:915:26\n    at file:///C:/Users/Mati/DEV/Audiovault/frontend/node_modules/@vitest/runner/dist/index.js:1243:20\n    at new Promise (<anonymous>)\n    at runWithTimeout (file:///C:/Users/Mati/DEV/Audiovault/frontend/node_modules/@vitest/runner/dist/index.js:1209:10)\n    at file:///C:/Users/Mati/DEV/Audiovault/frontend/node_modules/@vitest/runner/dist/index.js:1653:37\n    at Traces.$ (file:///C:/Users/Mati/DEV/Audiovault/frontend/node_modules/vitest/dist/chunks/traces.CCmnQaNT.js:142:27)\n    at trace (file:///C:/Users/Mati/DEV/Audiovault/frontend/node_modules/vitest/dist/chunks/test.B8ej_ZHS.js:239:21)\n    at runTest (file:///C:/Users/Mati/DEV/Audiovault/frontend/node_modules/@vitest/runner/dist/index.js:1653:12)"],"meta":{}},{"ancestorTitles":["notificationSlice","showNotification"],"fullName":"notificationSlice showNotification should auto-dismiss notifications after timeout","status":"failed","title":"should auto-dismiss notifications after timeout","duration":1.9734000000003107,"failureMessages":["TypeError: state.showNotification is not a function\n    at C:/Users/Mati/DEV/Audiovault/frontend/src/store/slices/notificationSlice.test.ts:61:13\n    at file:///C:/Users/Mati/DEV/Audiovault/frontend/node_modules/@vitest/runner/dist/index.js:145:11\n    at file:///C:/Users/Mati/DEV/Audiovault/frontend/node_modules/@vitest/runner/dist/index.js:915:26\n    at file:///C:/Users/Mati/DEV/Audiovault/frontend/node_modules/@vitest/runner/dist/index.js:1243:20\n    at new Promise (<anonymous>)\n    at runWithTimeout (file:///C:/Users/Mati/DEV/Audiovault/frontend/node_modules/@vitest/runner/dist/index.js:1209:10)\n    at file:///C:/Users/Mati/DEV/Audiovault/frontend/node_modules/@vitest/runner/dist/index.js:1653:37\n    at Traces.$ (file:///C:/Users/Mati/DEV/Audiovault/frontend/node_modules/vitest/dist/chunks/traces.CCmnQaNT.js:142:27)\n    at trace (file:///C:/Users/Mati/DEV/Audiovault/frontend/node_modules/vitest/dist/chunks/test.B8ej_ZHS.js:239:21)\n    at runTest (file:///C:/Users/Mati/DEV/Audiovault/frontend/node_modules/@vitest/runner/dist/index.js:1653:12)"],"meta":{}},{"ancestorTitles":["notificationSlice","removeNotification"],"fullName":"notificationSlice removeNotification should remove notification by id","status":"passed","title":"should remove notification by id","duration":0.4875000000001819,"failureMessages":[],"meta":{}},{"ancestorTitles":["notificationSlice","clearNotifications"],"fullName":"notificationSlice clearNotifications should clear all notifications","status":"passed","title":"should clear all notifications","duration":0.23369999999977153,"failureMessages":[],"meta":{}}],"startTime":1769025234211,"endTime":1769025234219.4875,"status":"failed","message":"","name":"C:/Users/Mati/DEV/Audiovault/frontend/src/store/slices/notificationSlice.test.ts"},{"assertionResults":[{"ancestorTitles":["playerSlice","initial state"],"fullName":"playerSlice initial state should have null currentTrack","status":"passed","title":"should have null currentTrack","duration":1.4268000000001848,"failureMessages":[],"meta":{}},{"ancestorTitles":["playerSlice","initial state"],"fullName":"playerSlice initial state should have empty queue","status":"passed","title":"should have empty queue","duration":0.7270999999996093,"failureMessages":[],"meta":{}},{"ancestorTitles":["playerSlice","initial state"],"fullName":"playerSlice initial state should not be playing","status":"passed","title":"should not be playing","duration":0.29680000000007567,"failureMessages":[],"meta":{}},{"ancestorTitles":["playerSlice","playTrack"],"fullName":"playerSlice playTrack should set current track and start playing","status":"passed","title":"should set current track and start playing","duration":0.28720000000021173,"failureMessages":[],"meta":{}},{"ancestorTitles":["playerSlice","pauseTrack"],"fullName":"playerSlice pauseTrack should pause the current track","status":"failed","title":"should pause the current track","duration":3.3968999999997322,"failureMessages":["TypeError: state.pauseTrack is not a function\n    at C:/Users/Mati/DEV/Audiovault/frontend/src/store/slices/playerSlice.test.ts:61:13\n    at file:///C:/Users/Mati/DEV/Audiovault/frontend/node_modules/@vitest/runner/dist/index.js:145:11\n    at file:///C:/Users/Mati/DEV/Audiovault/frontend/node_modules/@vitest/runner/dist/index.js:915:26\n    at file:///C:/Users/Mati/DEV/Audiovault/frontend/node_modules/@vitest/runner/dist/index.js:1243:20\n    at new Promise (<anonymous>)\n    at runWithTimeout (file:///C:/Users/Mati/DEV/Audiovault/frontend/node_modules/@vitest/runner/dist/index.js:1209:10)\n    at file:///C:/Users/Mati/DEV/Audiovault/frontend/node_modules/@vitest/runner/dist/index.js:1653:37\n    at Traces.$ (file:///C:/Users/Mati/DEV/Audiovault/frontend/node_modules/vitest/dist/chunks/traces.CCmnQaNT.js:142:27)\n    at trace (file:///C:/Users/Mati/DEV/Audiovault/frontend/node_modules/vitest/dist/chunks/test.B8ej_ZHS.js:239:21)\n    at runTest (file:///C:/Users/Mati/DEV/Audiovault/frontend/node_modules/@vitest/runner/dist/index.js:1653:12)"],"meta":{}},{"ancestorTitles":["playerSlice","resumeTrack"],"fullName":"playerSlice resumeTrack should resume the current track","status":"failed","title":"should resume the current track","duration":0.5810999999998785,"failureMessages":["TypeError: state.resumeTrack is not a function\n    at C:/Users/Mati/DEV/Audiovault/frontend/src/store/slices/playerSlice.test.ts:71:13\n    at file:///C:/Users/Mati/DEV/Audiovault/frontend/node_modules/@vitest/runner/dist/index.js:145:11\n    at file:///C:/Users/Mati/DEV/Audiovault/frontend/node_modules/@vitest/runner/dist/index.js:915:26\n    at file:///C:/Users/Mati/DEV/Audiovault/frontend/node_modules/@vitest/runner/dist/index.js:1243:20\n    at new Promise (<anonymous>)\n    at runWithTimeout (file:///C:/Users/Mati/DEV/Audiovault/frontend/node_modules/@vitest/runner/dist/index.js:1209:10)\n    at file:///C:/Users/Mati/DEV/Audiovault/frontend/node_modules/@vitest/runner/dist/index.js:1653:37\n    at Traces.$ (file:///C:/Users/Mati/DEV/Audiovault/frontend/node_modules/vitest/dist/chunks/traces.CCmnQaNT.js:142:27)\n    at trace (file:///C:/Users/Mati/DEV/Audiovault/frontend/node_modules/vitest/dist/chunks/test.B8ej_ZHS.js:239:21)\n    at runTest (file:///C:/Users/Mati/DEV/Audiovault/frontend/node_modules/@vitest/runner/dist/index.js:1653:12)"],"meta":{}},{"ancestorTitles":["playerSlice","seek"],"fullName":"playerSlice seek should update current time","status":"failed","title":"should update current time","duration":0.4226999999996224,"failureMessages":["TypeError: state.seek is not a function\n    at C:/Users/Mati/DEV/Audiovault/frontend/src/store/slices/playerSlice.test.ts:79:13\n    at file:///C:/Users/Mati/DEV/Audiovault/frontend/node_modules/@vitest/runner/dist/index.js:145:11\n    at file:///C:/Users/Mati/DEV/Audiovault/frontend/node_modules/@vitest/runner/dist/index.js:915:26\n    at file:///C:/Users/Mati/DEV/Audiovault/frontend/node_modules/@vitest/runner/dist/index.js:1243:20\n    at new Promise (<anonymous>)\n    at runWithTimeout (file:///C:/Users/Mati/DEV/Audiovault/frontend/node_modules/@vitest/runner/dist/index.js:1209:10)\n    at file:///C:/Users/Mati/DEV/Audiovault/frontend/node_modules/@vitest/runner/dist/index.js:1653:37\n    at Traces.$ (file:///C:/Users/Mati/DEV/Audiovault/frontend/node_modules/vitest/dist/chunks/traces.CCmnQaNT.js:142:27)\n    at trace (file:///C:/Users/Mati/DEV/Audiovault/frontend/node_modules/vitest/dist/chunks/test.B8ej_ZHS.js:239:21)\n    at runTest (file:///C:/Users/Mati/DEV/Audiovault/frontend/node_modules/@vitest/runner/dist/index.js:1653:12)"],"meta":{}},{"ancestorTitles":["playerSlice","updatePlaybackRate"],"fullName":"playerSlice updatePlaybackRate should update playback rate","status":"failed","title":"should update playback rate","duration":0.37809999999990396,"failureMessages":["TypeError: state.updatePlaybackRate is not a function\n    at C:/Users/Mati/DEV/Audiovault/frontend/src/store/slices/playerSlice.test.ts:87:13\n    at file:///C:/Users/Mati/DEV/Audiovault/frontend/node_modules/@vitest/runner/dist/index.js:145:11\n    at file:///C:/Users/Mati/DEV/Audiovault/frontend/node_modules/@vitest/runner/dist/index.js:915:26\n    at file:///C:/Users/Mati/DEV/Audiovault/frontend/node_modules/@vitest/runner/dist/index.js:1243:20\n    at new Promise (<anonymous>)\n    at runWithTimeout (file:///C:/Users/Mati/DEV/Audiovault/frontend/node_modules/@vitest/runner/dist/index.js:1209:10)\n    at file:///C:/Users/Mati/DEV/Audiovault/frontend/node_modules/@vitest/runner/dist/index.js:1653:37\n    at Traces.$ (file:///C:/Users/Mati/DEV/Audiovault/frontend/node_modules/vitest/dist/chunks/traces.CCmnQaNT.js:142:27)\n    at trace (file:///C:/Users/Mati/DEV/Audiovault/frontend/node_modules/vitest/dist/chunks/test.B8ej_ZHS.js:239:21)\n    at runTest (file:///C:/Users/Mati/DEV/Audiovault/frontend/node_modules/@vitest/runner/dist/index.js:1653:12)"],"meta":{}},{"ancestorTitles":["playerSlice","setVolume"],"fullName":"playerSlice setVolume should set volume","status":"passed","title":"should set volume","duration":0.2863000000002103,"failureMessages":[],"meta":{}},{"ancestorTitles":["playerSlice","setVolume"],"fullName":"playerSlice setVolume should persist volume to localStorage","status":"failed","title":"should persist volume to localStorage","duration":2.438299999999799,"failureMessages":["AssertionError: expected \"vi.fn()\" to be called with arguments: [ 'player_volume', '0.6' ]\u001b[90m\n\nNumber of calls: \u001b[1m0\u001b[22m\n\u001b[39m\n    at Proxy.<anonymous> (file:///C:/Users/Mati/DEV/Audiovault/frontend/node_modules/@vitest/expect/dist/index.js:1420:10)\n    at Proxy.<anonymous> (file:///C:/Users/Mati/DEV/Audiovault/frontend/node_modules/@vitest/expect/dist/index.js:1090:14)\n    at Proxy.methodWrapper (file:///C:/Users/Mati/DEV/Audiovault/frontend/node_modules/chai/index.js:1700:25)\n    at C:/Users/Mati/DEV/Audiovault/frontend/src/store/slices/playerSlice.test.ts:103:40\n    at file:///C:/Users/Mati/DEV/Audiovault/frontend/node_modules/@vitest/runner/dist/index.js:145:11\n    at file:///C:/Users/Mati/DEV/Audiovault/frontend/node_modules/@vitest/runner/dist/index.js:915:26\n    at file:///C:/Users/Mati/DEV/Audiovault/frontend/node_modules/@vitest/runner/dist/index.js:1243:20\n    at new Promise (<anonymous>)\n    at runWithTimeout (file:///C:/Users/Mati/DEV/Audiovault/frontend/node_modules/@vitest/runner/dist/index.js:1209:10)\n    at file:///C:/Users/Mati/DEV/Audiovault/frontend/node_modules/@vitest/runner/dist/index.js:1653:37"],"meta":{}}],"startTime":1769025234390,"endTime":1769025234401.4382,"status":"failed","message":"","name":"C:/Users/Mati/DEV/Audiovault/frontend/src/store/slices/playerSlice.test.ts"},{"assertionResults":[{"ancestorTitles":["queueSlice","initial state"],"fullName":"queueSlice initial state should have empty download queue","status":"passed","title":"should have empty download queue","duration":2.4185999999999694,"failureMessages":[],"meta":{}},{"ancestorTitles":["queueSlice","addToQueue"],"fullName":"queueSlice addToQueue should add track to download queue","status":"passed","title":"should add track to download queue","duration":1.4531999999999243,"failureMessages":[],"meta":{}},{"ancestorTitles":["queueSlice","removeFromQueue"],"fullName":"queueSlice removeFromQueue should remove download from queue","status":"passed","title":"should remove download from queue","duration":0.4070999999999003,"failureMessages":[],"meta":{}},{"ancestorTitles":["queueSlice","updateProgress"],"fullName":"queueSlice updateProgress should update progress of a download","status":"passed","title":"should update progress of a download","duration":0.278599999999642,"failureMessages":[],"meta":{}},{"ancestorTitles":["queueSlice","updateStatus"],"fullName":"queueSlice updateStatus should update status of a download","status":"passed","title":"should update status of a download","duration":0.3006999999997788,"failureMessages":[],"meta":{}},{"ancestorTitles":["queueSlice","async actions"],"fullName":"queueSlice async actions pauseDownload should call api and update status optimistically","status":"passed","title":"pauseDownload should call api and update status optimistically","duration":0.9555000000000291,"failureMessages":[],"meta":{}},{"ancestorTitles":["queueSlice","async actions"],"fullName":"queueSlice async actions resumeDownload should call api and update status optimistically","status":"passed","title":"resumeDownload should call api and update status optimistically","duration":0.39409999999998035,"failureMessages":[],"meta":{}},{"ancestorTitles":["queueSlice","async actions"],"fullName":"queueSlice async actions retryDownload should call api and update status optimistically","status":"passed","title":"retryDownload should call api and update status optimistically","duration":0.3684000000002925,"failureMessages":[],"meta":{}},{"ancestorTitles":["queueSlice","async actions"],"fullName":"queueSlice async actions fetchDownloads should fetch and set queue","status":"passed","title":"fetchDownloads should fetch and set queue","duration":0.36409999999978027,"failureMessages":[],"meta":{}}],"startTime":1769025235080,"endTime":1769025235087.3684,"status":"passed","message":"","name":"C:/Users/Mati/DEV/Audiovault/frontend/src/store/slices/queueSlice.test.ts"},{"assertionResults":[{"ancestorTitles":["watchlistSlice","initial state"],"fullName":"watchlistSlice initial state should load empty watchlist when localStorage is empty","status":"passed","title":"should load empty watchlist when localStorage is empty","duration":2.326100000000224,"failureMessages":[],"meta":{}},{"ancestorTitles":["watchlistSlice","initial state"],"fullName":"watchlistSlice initial state should load watchlist from localStorage if available","status":"passed","title":"should load watchlist from localStorage if available","duration":0.5190999999999804,"failureMessages":[],"meta":{}},{"ancestorTitles":["watchlistSlice","syncWatchlist"],"fullName":"watchlistSlice syncWatchlist should fetch and update watchlist from API","status":"passed","title":"should fetch and update watchlist from API","duration":1.3827000000001135,"failureMessages":[],"meta":{}},{"ancestorTitles":["watchlistSlice","syncWatchlist"],"fullName":"watchlistSlice syncWatchlist should handle API errors and keep local state","status":"passed","title":"should handle API errors and keep local state","duration":0.8443999999999505,"failureMessages":[],"meta":{}},{"ancestorTitles":["watchlistSlice","addToWatchlist"],"fullName":"watchlistSlice addToWatchlist should add item to watchlist after API call","status":"passed","title":"should add item to watchlist after API call","duration":0.6561999999998989,"failureMessages":[],"meta":{}},{"ancestorTitles":["watchlistSlice","addToWatchlist"],"fullName":"watchlistSlice addToWatchlist should handle API errors gracefully","status":"passed","title":"should handle API errors gracefully","duration":0.3941999999997279,"failureMessages":[],"meta":{}},{"ancestorTitles":["watchlistSlice","removeFromWatchlist"],"fullName":"watchlistSlice removeFromWatchlist should optimistically remove item from watchlist","status":"passed","title":"should optimistically remove item from watchlist","duration":0.33259999999972933,"failureMessages":[],"meta":{}},{"ancestorTitles":["watchlistSlice","removeFromWatchlist"],"fullName":"watchlistSlice removeFromWatchlist should revert on API error","status":"passed","title":"should revert on API error","duration":0.3890000000001237,"failureMessages":[],"meta":{}},{"ancestorTitles":["watchlistSlice","removeFromWatchlist"],"fullName":"watchlistSlice removeFromWatchlist should update localStorage on successful removal","status":"passed","title":"should update localStorage on successful removal","duration":0.5988999999999578,"failureMessages":[],"meta":{}}],"startTime":1769025235024,"endTime":1769025235032.5989,"status":"passed","message":"","name":"C:/Users/Mati/DEV/Audiovault/frontend/src/store/slices/watchlistSlice.test.ts"}]}