{"meta": {"format": 3, "version": "7.13.1", "timestamp": "2026-01-22T16:51:44.524853", "branch_coverage": false, "show_contexts": false}, "files": {"app\\__init__.py": {"executed_lines": [], "summary": {"covered_lines": 0, "num_statements": 0, "percent_covered": 100.0, "percent_covered_display": "100", "missing_lines": 0, "excluded_lines": 0, "percent_statements_covered": 100.0, "percent_statements_covered_display": "100"}, "missing_lines": [], "excluded_lines": [], "functions": {"": {"executed_lines": [], "summary": {"covered_lines": 0, "num_statements": 0, "percent_covered": 100.0, "percent_covered_display": "100", "missing_lines": 0, "excluded_lines": 0, "percent_statements_covered": 100.0, "percent_statements_covered_display": "100"}, "missing_lines": [], "excluded_lines": [], "start_line": 1}}, "classes": {"": {"executed_lines": [], "summary": {"covered_lines": 0, "num_statements": 0, "percent_covered": 100.0, "percent_covered_display": "100", "missing_lines": 0, "excluded_lines": 0, "percent_statements_covered": 100.0, "percent_statements_covered_display": "100"}, "missing_lines": [], "excluded_lines": [], "start_line": 1}}}, "app\\api\\subsonic\\__init__.py": {"executed_lines": [8, 10], "summary": {"covered_lines": 2, "num_statements": 2, "percent_covered": 100.0, "percent_covered_display": "100", "missing_lines": 0, "excluded_lines": 0, "percent_statements_covered": 100.0, "percent_statements_covered_display": "100"}, "missing_lines": [], "excluded_lines": [], "functions": {"": {"executed_lines": [8, 10], "summary": {"covered_lines": 2, "num_statements": 2, "percent_covered": 100.0, "percent_covered_display": "100", "missing_lines": 0, "excluded_lines": 0, "percent_statements_covered": 100.0, "percent_statements_covered_display": "100"}, "missing_lines": [], "excluded_lines": [], "start_line": 1}}, "classes": {"": {"executed_lines": [8, 10], "summary": {"covered_lines": 2, "num_statements": 2, "percent_covered": 100.0, "percent_covered_display": "100", "missing_lines": 0, "excluded_lines": 0, "percent_statements_covered": 100.0, "percent_statements_covered_display": "100"}, "missing_lines": [], "excluded_lines": [], "start_line": 1}}}, "app\\api\\subsonic\\auth.py": {"executed_lines": [15, 16, 17, 18, 20, 21, 22, 23, 24, 25, 26, 28, 31, 34, 37, 43, 50, 51, 52, 55, 68, 71, 76, 77, 80, 102, 111, 113, 115, 117, 119, 120, 121, 126, 146, 147, 149, 158, 159, 160, 162, 165, 177, 182, 185, 220, 222, 223, 234, 246, 250, 251, 255, 256, 257, 259, 272, 276, 279], "summary": {"covered_lines": 59, "num_statements": 74, "percent_covered": 79.72972972972973, "percent_covered_display": "80", "missing_lines": 15, "excluded_lines": 0, "percent_statements_covered": 79.72972972972973, "percent_statements_covered_display": "80"}, "missing_lines": [38, 39, 40, 123, 178, 179, 180, 181, 235, 260, 261, 286, 287, 288, 289], "excluded_lines": [], "functions": {"SubsonicAuthError.__init__": {"executed_lines": [], "summary": {"covered_lines": 0, "num_statements": 3, "percent_covered": 0.0, "percent_covered_display": "0", "missing_lines": 3, "excluded_lines": 0, "percent_statements_covered": 0.0, "percent_statements_covered_display": "0"}, "missing_lines": [38, 39, 40], "excluded_lines": [], "start_line": 37}, "generate_token": {"executed_lines": [50, 51, 52], "summary": {"covered_lines": 3, "num_statements": 3, "percent_covered": 100.0, "percent_covered_display": "100", "missing_lines": 0, "excluded_lines": 0, "percent_statements_covered": 100.0, "percent_statements_covered_display": "100"}, "missing_lines": [], "excluded_lines": [], "start_line": 43}, "compute_md5_token": {"executed_lines": [68], "summary": {"covered_lines": 1, "num_statements": 1, "percent_covered": 100.0, "percent_covered_display": "100", "missing_lines": 0, "excluded_lines": 0, "percent_statements_covered": 100.0, "percent_statements_covered_display": "100"}, "missing_lines": [], "excluded_lines": [], "start_line": 55}, "get_user_by_username": {"executed_lines": [76, 77], "summary": {"covered_lines": 2, "num_statements": 2, "percent_covered": 100.0, "percent_covered_display": "100", "missing_lines": 0, "excluded_lines": 0, "percent_statements_covered": 100.0, "percent_statements_covered_display": "100"}, "missing_lines": [], "excluded_lines": [], "start_line": 71}, "verify_token_auth": {"executed_lines": [102, 111, 113, 115, 117, 119, 120, 121], "summary": {"covered_lines": 8, "num_statements": 9, "percent_covered": 88.88888888888889, "percent_covered_display": "89", "missing_lines": 1, "excluded_lines": 0, "percent_statements_covered": 88.88888888888889, "percent_statements_covered_display": "89"}, "missing_lines": [123], "excluded_lines": [], "start_line": 80}, "create_auth_token": {"executed_lines": [146, 147, 149, 158, 159, 160, 162], "summary": {"covered_lines": 7, "num_statements": 7, "percent_covered": 100.0, "percent_covered_display": "100", "missing_lines": 0, "excluded_lines": 0, "percent_statements_covered": 100.0, "percent_statements_covered_display": "100"}, "missing_lines": [], "excluded_lines": [], "start_line": 126}, "decode_hex_password": {"executed_lines": [177, 182], "summary": {"covered_lines": 2, "num_statements": 6, "percent_covered": 33.333333333333336, "percent_covered_display": "33", "missing_lines": 4, "excluded_lines": 0, "percent_statements_covered": 33.333333333333336, "percent_statements_covered_display": "33"}, "missing_lines": [178, 179, 180, 181], "excluded_lines": [], "start_line": 165}, "subsonic_auth": {"executed_lines": [220, 222, 223, 234, 246, 250, 251, 255, 256, 257, 259, 272], "summary": {"covered_lines": 12, "num_statements": 15, "percent_covered": 80.0, "percent_covered_display": "80", "missing_lines": 3, "excluded_lines": 0, "percent_statements_covered": 80.0, "percent_statements_covered_display": "80"}, "missing_lines": [235, 260, 261], "excluded_lines": [], "start_line": 185}, "SubsonicParams.__init__": {"executed_lines": [], "summary": {"covered_lines": 0, "num_statements": 4, "percent_covered": 0.0, "percent_covered_display": "0", "missing_lines": 4, "excluded_lines": 0, "percent_statements_covered": 0.0, "percent_statements_covered_display": "0"}, "missing_lines": [286, 287, 288, 289], "excluded_lines": [], "start_line": 279}, "": {"executed_lines": [15, 16, 17, 18, 20, 21, 22, 23, 24, 25, 26, 28, 31, 34, 37, 43, 55, 71, 80, 126, 165, 185, 276, 279], "summary": {"covered_lines": 24, "num_statements": 24, "percent_covered": 100.0, "percent_covered_display": "100", "missing_lines": 0, "excluded_lines": 0, "percent_statements_covered": 100.0, "percent_statements_covered_display": "100"}, "missing_lines": [], "excluded_lines": [], "start_line": 1}}, "classes": {"SubsonicAuthError": {"executed_lines": [], "summary": {"covered_lines": 0, "num_statements": 3, "percent_covered": 0.0, "percent_covered_display": "0", "missing_lines": 3, "excluded_lines": 0, "percent_statements_covered": 0.0, "percent_statements_covered_display": "0"}, "missing_lines": [38, 39, 40], "excluded_lines": [], "start_line": 34}, "SubsonicParams": {"executed_lines": [], "summary": {"covered_lines": 0, "num_statements": 4, "percent_covered": 0.0, "percent_covered_display": "0", "missing_lines": 4, "excluded_lines": 0, "percent_statements_covered": 0.0, "percent_statements_covered_display": "0"}, "missing_lines": [286, 287, 288, 289], "excluded_lines": [], "start_line": 276}, "": {"executed_lines": [15, 16, 17, 18, 20, 21, 22, 23, 24, 25, 26, 28, 31, 34, 37, 43, 50, 51, 52, 55, 68, 71, 76, 77, 80, 102, 111, 113, 115, 117, 119, 120, 121, 126, 146, 147, 149, 158, 159, 160, 162, 165, 177, 182, 185, 220, 222, 223, 234, 246, 250, 251, 255, 256, 257, 259, 272, 276, 279], "summary": {"covered_lines": 59, "num_statements": 67, "percent_covered": 88.05970149253731, "percent_covered_display": "88", "missing_lines": 8, "excluded_lines": 0, "percent_statements_covered": 88.05970149253731, "percent_statements_covered_display": "88"}, "missing_lines": [123, 178, 179, 180, 181, 235, 260, 261], "excluded_lines": [], "start_line": 1}}}, "app\\api\\subsonic\\handlers\\__init__.py": {"executed_lines": [], "summary": {"covered_lines": 0, "num_statements": 0, "percent_covered": 100.0, "percent_covered_display": "100", "missing_lines": 0, "excluded_lines": 0, "percent_statements_covered": 100.0, "percent_statements_covered_display": "100"}, "missing_lines": [], "excluded_lines": [], "functions": {"": {"executed_lines": [], "summary": {"covered_lines": 0, "num_statements": 0, "percent_covered": 100.0, "percent_covered_display": "100", "missing_lines": 0, "excluded_lines": 0, "percent_statements_covered": 100.0, "percent_statements_covered_display": "100"}, "missing_lines": [], "excluded_lines": [], "start_line": 1}}, "classes": {"": {"executed_lines": [], "summary": {"covered_lines": 0, "num_statements": 0, "percent_covered": 100.0, "percent_covered_display": "100", "missing_lines": 0, "excluded_lines": 0, "percent_statements_covered": 100.0, "percent_statements_covered_display": "100"}, "missing_lines": [], "excluded_lines": [], "start_line": 1}}}, "app\\api\\subsonic\\handlers\\browse.py": {"executed_lines": [14, 16, 17, 22, 23, 24, 25, 26, 27, 28, 29, 30, 31, 33, 36, 37, 38, 51, 54, 55, 56, 76, 87, 90, 92, 93, 96, 99, 102, 103, 106, 107, 109, 119, 120, 121, 128, 140, 141, 142, 155, 166, 169, 171, 172, 175, 176, 177, 179, 180, 182, 183, 187, 196, 197, 198, 205, 216, 217, 218, 233, 234, 235, 236, 239, 240, 242, 243, 246, 258, 261, 262, 264, 273, 276, 285, 287, 301, 303, 317, 318, 319, 334, 335, 336, 337, 340, 341, 343, 344, 347, 348, 349, 350, 351, 352, 355, 365, 368, 369, 371, 372, 373, 374, 375, 378, 379, 381, 382, 384, 403, 404, 405, 420, 421, 422, 423, 426, 435, 437, 438, 440, 441, 443, 446, 447, 448, 469, 470, 482, 484, 485, 486, 496, 508, 509, 510, 511, 514, 515, 517, 519, 531, 533, 534, 536, 545, 547, 562, 575, 576, 578, 580, 581, 582, 583, 584, 585, 586, 587, 590, 600, 602, 603, 604, 605, 606, 608, 622], "summary": {"covered_lines": 169, "num_statements": 172, "percent_covered": 98.25581395348837, "percent_covered_display": "98", "missing_lines": 3, "excluded_lines": 0, "percent_statements_covered": 98.25581395348837, "percent_statements_covered_display": "98"}, "missing_lines": [94, 100, 173], "excluded_lines": [], "functions": {"get_music_folders": {"executed_lines": [51], "summary": {"covered_lines": 1, "num_statements": 1, "percent_covered": 100.0, "percent_covered_display": "100", "missing_lines": 0, "excluded_lines": 0, "percent_statements_covered": 100.0, "percent_statements_covered_display": "100"}, "missing_lines": [], "excluded_lines": [], "start_line": 38}, "get_indexes": {"executed_lines": [76, 87, 90, 92, 93, 96, 99, 102, 103, 106, 107, 109, 119, 120, 121, 128], "summary": {"covered_lines": 16, "num_statements": 18, "percent_covered": 88.88888888888889, "percent_covered_display": "89", "missing_lines": 2, "excluded_lines": 0, "percent_statements_covered": 88.88888888888889, "percent_statements_covered_display": "89"}, "missing_lines": [94, 100], "excluded_lines": [], "start_line": 56}, "get_artists": {"executed_lines": [155, 166, 169, 171, 172, 175, 176, 177, 179, 180, 182, 183, 187, 196, 197, 198, 205], "summary": {"covered_lines": 17, "num_statements": 18, "percent_covered": 94.44444444444444, "percent_covered_display": "94", "missing_lines": 1, "excluded_lines": 0, "percent_statements_covered": 94.44444444444444, "percent_statements_covered_display": "94"}, "missing_lines": [173], "excluded_lines": [], "start_line": 142}, "get_artist": {"executed_lines": [233, 234, 235, 236, 239, 240, 242, 243, 246, 258, 261, 262, 264, 273, 276, 285, 287, 301, 303], "summary": {"covered_lines": 19, "num_statements": 19, "percent_covered": 100.0, "percent_covered_display": "100", "missing_lines": 0, "excluded_lines": 0, "percent_statements_covered": 100.0, "percent_statements_covered_display": "100"}, "missing_lines": [], "excluded_lines": [], "start_line": 218}, "get_album": {"executed_lines": [334, 335, 336, 337, 340, 341, 343, 344, 347, 348, 349, 350, 351, 352, 355, 365, 368, 369, 371, 372, 373, 374, 375, 378, 379, 381, 382, 384], "summary": {"covered_lines": 28, "num_statements": 28, "percent_covered": 100.0, "percent_covered_display": "100", "missing_lines": 0, "excluded_lines": 0, "percent_statements_covered": 100.0, "percent_statements_covered_display": "100"}, "missing_lines": [], "excluded_lines": [], "start_line": 319}, "get_song": {"executed_lines": [420, 421, 422, 423, 426, 435, 437, 438, 440, 441, 443], "summary": {"covered_lines": 11, "num_statements": 11, "percent_covered": 100.0, "percent_covered_display": "100", "missing_lines": 0, "excluded_lines": 0, "percent_statements_covered": 100.0, "percent_statements_covered_display": "100"}, "missing_lines": [], "excluded_lines": [], "start_line": 405}, "get_music_directory": {"executed_lines": [469, 470, 482, 484, 485, 486, 496, 508, 509, 510, 511, 514, 515, 517, 519, 531, 533, 534, 536, 545, 547, 562, 575, 576, 578, 580, 581, 582, 583, 584, 585, 586, 587, 590, 600, 602, 603, 604, 605, 606, 608, 622], "summary": {"covered_lines": 42, "num_statements": 42, "percent_covered": 100.0, "percent_covered_display": "100", "missing_lines": 0, "excluded_lines": 0, "percent_statements_covered": 100.0, "percent_statements_covered_display": "100"}, "missing_lines": [], "excluded_lines": [], "start_line": 448}, "": {"executed_lines": [14, 16, 17, 22, 23, 24, 25, 26, 27, 28, 29, 30, 31, 33, 36, 37, 38, 54, 55, 56, 140, 141, 142, 216, 217, 218, 317, 318, 319, 403, 404, 405, 446, 447, 448], "summary": {"covered_lines": 35, "num_statements": 35, "percent_covered": 100.0, "percent_covered_display": "100", "missing_lines": 0, "excluded_lines": 0, "percent_statements_covered": 100.0, "percent_statements_covered_display": "100"}, "missing_lines": [], "excluded_lines": [], "start_line": 1}}, "classes": {"": {"executed_lines": [14, 16, 17, 22, 23, 24, 25, 26, 27, 28, 29, 30, 31, 33, 36, 37, 38, 51, 54, 55, 56, 76, 87, 90, 92, 93, 96, 99, 102, 103, 106, 107, 109, 119, 120, 121, 128, 140, 141, 142, 155, 166, 169, 171, 172, 175, 176, 177, 179, 180, 182, 183, 187, 196, 197, 198, 205, 216, 217, 218, 233, 234, 235, 236, 239, 240, 242, 243, 246, 258, 261, 262, 264, 273, 276, 285, 287, 301, 303, 317, 318, 319, 334, 335, 336, 337, 340, 341, 343, 344, 347, 348, 349, 350, 351, 352, 355, 365, 368, 369, 371, 372, 373, 374, 375, 378, 379, 381, 382, 384, 403, 404, 405, 420, 421, 422, 423, 426, 435, 437, 438, 440, 441, 443, 446, 447, 448, 469, 470, 482, 484, 485, 486, 496, 508, 509, 510, 511, 514, 515, 517, 519, 531, 533, 534, 536, 545, 547, 562, 575, 576, 578, 580, 581, 582, 583, 584, 585, 586, 587, 590, 600, 602, 603, 604, 605, 606, 608, 622], "summary": {"covered_lines": 169, "num_statements": 172, "percent_covered": 98.25581395348837, "percent_covered_display": "98", "missing_lines": 3, "excluded_lines": 0, "percent_statements_covered": 98.25581395348837, "percent_statements_covered_display": "98"}, "missing_lines": [94, 100, 173], "excluded_lines": [], "start_line": 1}}}, "app\\api\\subsonic\\handlers\\info.py": {"executed_lines": [10, 12, 13, 14, 15, 16, 17, 18, 19, 20, 21, 22, 24, 27, 28, 29, 42, 43, 47, 48, 50, 54, 67, 69, 72, 73, 74, 87, 88, 92, 93, 95, 99, 112, 114, 117, 118, 119, 131, 132, 137, 138, 140, 141, 142, 150, 154, 164, 165, 166, 168, 171, 172, 173, 185, 188, 189, 190, 204, 205, 206, 219, 220, 221], "summary": {"covered_lines": 64, "num_statements": 80, "percent_covered": 80.0, "percent_covered_display": "80", "missing_lines": 16, "excluded_lines": 0, "percent_statements_covered": 80.0, "percent_statements_covered_display": "80"}, "missing_lines": [44, 45, 51, 89, 90, 96, 133, 134, 145, 146, 147, 148, 151, 201, 216, 231], "excluded_lines": [], "functions": {"get_artist_info": {"executed_lines": [42, 43, 47, 48, 50, 54, 67, 69], "summary": {"covered_lines": 8, "num_statements": 11, "percent_covered": 72.72727272727273, "percent_covered_display": "73", "missing_lines": 3, "excluded_lines": 0, "percent_statements_covered": 72.72727272727273, "percent_statements_covered_display": "73"}, "missing_lines": [44, 45, 51], "excluded_lines": [], "start_line": 29}, "get_artist_info2": {"executed_lines": [87, 88, 92, 93, 95, 99, 112, 114], "summary": {"covered_lines": 8, "num_statements": 11, "percent_covered": 72.72727272727273, "percent_covered_display": "73", "missing_lines": 3, "excluded_lines": 0, "percent_statements_covered": 72.72727272727273, "percent_statements_covered_display": "73"}, "missing_lines": [89, 90, 96], "excluded_lines": [], "start_line": 74}, "get_similar_songs2": {"executed_lines": [131, 132, 137, 138, 140, 141, 142, 150, 154, 164, 165, 166, 168], "summary": {"covered_lines": 13, "num_statements": 20, "percent_covered": 65.0, "percent_covered_display": "65", "missing_lines": 7, "excluded_lines": 0, "percent_statements_covered": 65.0, "percent_statements_covered_display": "65"}, "missing_lines": [133, 134, 145, 146, 147, 148, 151], "excluded_lines": [], "start_line": 119}, "get_podcasts": {"executed_lines": [185], "summary": {"covered_lines": 1, "num_statements": 1, "percent_covered": 100.0, "percent_covered_display": "100", "missing_lines": 0, "excluded_lines": 0, "percent_statements_covered": 100.0, "percent_statements_covered_display": "100"}, "missing_lines": [], "excluded_lines": [], "start_line": 173}, "get_newest_podcasts": {"executed_lines": [], "summary": {"covered_lines": 0, "num_statements": 1, "percent_covered": 0.0, "percent_covered_display": "0", "missing_lines": 1, "excluded_lines": 0, "percent_statements_covered": 0.0, "percent_statements_covered_display": "0"}, "missing_lines": [201], "excluded_lines": [], "start_line": 190}, "get_bookmarks": {"executed_lines": [], "summary": {"covered_lines": 0, "num_statements": 1, "percent_covered": 0.0, "percent_covered_display": "0", "missing_lines": 1, "excluded_lines": 0, "percent_statements_covered": 0.0, "percent_statements_covered_display": "0"}, "missing_lines": [216], "excluded_lines": [], "start_line": 206}, "get_internet_radio_stations": {"executed_lines": [], "summary": {"covered_lines": 0, "num_statements": 1, "percent_covered": 0.0, "percent_covered_display": "0", "missing_lines": 1, "excluded_lines": 0, "percent_statements_covered": 0.0, "percent_statements_covered_display": "0"}, "missing_lines": [231], "excluded_lines": [], "start_line": 221}, "": {"executed_lines": [10, 12, 13, 14, 15, 16, 17, 18, 19, 20, 21, 22, 24, 27, 28, 29, 72, 73, 74, 117, 118, 119, 171, 172, 173, 188, 189, 190, 204, 205, 206, 219, 220, 221], "summary": {"covered_lines": 34, "num_statements": 34, "percent_covered": 100.0, "percent_covered_display": "100", "missing_lines": 0, "excluded_lines": 0, "percent_statements_covered": 100.0, "percent_statements_covered_display": "100"}, "missing_lines": [], "excluded_lines": [], "start_line": 1}}, "classes": {"": {"executed_lines": [10, 12, 13, 14, 15, 16, 17, 18, 19, 20, 21, 22, 24, 27, 28, 29, 42, 43, 47, 48, 50, 54, 67, 69, 72, 73, 74, 87, 88, 92, 93, 95, 99, 112, 114, 117, 118, 119, 131, 132, 137, 138, 140, 141, 142, 150, 154, 164, 165, 166, 168, 171, 172, 173, 185, 188, 189, 190, 204, 205, 206, 219, 220, 221], "summary": {"covered_lines": 64, "num_statements": 80, "percent_covered": 80.0, "percent_covered_display": "80", "missing_lines": 16, "excluded_lines": 0, "percent_statements_covered": 80.0, "percent_statements_covered_display": "80"}, "missing_lines": [44, 45, 51, 89, 90, 96, 133, 134, 145, 146, 147, 148, 151, 201, 216, 231], "excluded_lines": [], "start_line": 1}}}, "app\\api\\subsonic\\handlers\\lists.py": {"executed_lines": [12, 14, 15, 19, 20, 21, 22, 23, 24, 25, 26, 27, 28, 30, 33, 34, 35, 48, 50, 54, 56, 66, 69, 71, 74, 77, 79, 85, 93, 96, 97, 98, 99, 100, 119, 126, 135, 136, 137, 138, 139, 141, 144, 146, 147, 148, 149, 151, 154, 156, 157, 159, 160, 162, 163, 164, 165, 166, 169, 175, 190, 193, 194, 195, 227, 228, 229, 241, 248, 249, 251, 252, 253, 254, 256, 259, 260, 261, 271, 272, 276, 277, 278, 281, 292, 293, 294, 295, 297], "summary": {"covered_lines": 89, "num_statements": 102, "percent_covered": 87.25490196078431, "percent_covered_display": "87", "missing_lines": 13, "excluded_lines": 0, "percent_statements_covered": 87.25490196078431, "percent_statements_covered_display": "87"}, "missing_lines": [51, 75, 140, 143, 208, 210, 219, 220, 221, 222, 224, 273, 274], "excluded_lines": [], "functions": {"get_genres": {"executed_lines": [48, 50, 54, 56, 66, 69, 71, 74, 77, 79, 85, 93], "summary": {"covered_lines": 12, "num_statements": 14, "percent_covered": 85.71428571428571, "percent_covered_display": "86", "missing_lines": 2, "excluded_lines": 0, "percent_statements_covered": 85.71428571428571, "percent_statements_covered_display": "86"}, "missing_lines": [51, 75], "excluded_lines": [], "start_line": 35}, "get_album_list": {"executed_lines": [119, 126, 135, 136, 137, 138, 139, 141, 144, 146, 147, 148, 149, 151, 154, 156, 157, 159, 160, 162, 163, 164, 165, 166, 169, 175, 190], "summary": {"covered_lines": 27, "num_statements": 29, "percent_covered": 93.10344827586206, "percent_covered_display": "93", "missing_lines": 2, "excluded_lines": 0, "percent_statements_covered": 93.10344827586206, "percent_statements_covered_display": "93"}, "missing_lines": [140, 143], "excluded_lines": [], "start_line": 100}, "get_random_songs": {"executed_lines": [], "summary": {"covered_lines": 0, "num_statements": 7, "percent_covered": 0.0, "percent_covered_display": "0", "missing_lines": 7, "excluded_lines": 0, "percent_statements_covered": 0.0, "percent_statements_covered_display": "0"}, "missing_lines": [208, 210, 219, 220, 221, 222, 224], "excluded_lines": [], "start_line": 195}, "get_top_songs": {"executed_lines": [241, 248, 249, 251, 252, 253, 254, 256], "summary": {"covered_lines": 8, "num_statements": 8, "percent_covered": 100.0, "percent_covered_display": "100", "missing_lines": 0, "excluded_lines": 0, "percent_statements_covered": 100.0, "percent_statements_covered_display": "100"}, "missing_lines": [], "excluded_lines": [], "start_line": 229}, "get_similar_songs": {"executed_lines": [271, 272, 276, 277, 278, 281, 292, 293, 294, 295, 297], "summary": {"covered_lines": 11, "num_statements": 13, "percent_covered": 84.61538461538461, "percent_covered_display": "85", "missing_lines": 2, "excluded_lines": 0, "percent_statements_covered": 84.61538461538461, "percent_statements_covered_display": "85"}, "missing_lines": [273, 274], "excluded_lines": [], "start_line": 261}, "": {"executed_lines": [12, 14, 15, 19, 20, 21, 22, 23, 24, 25, 26, 27, 28, 30, 33, 34, 35, 96, 97, 98, 99, 100, 193, 194, 195, 227, 228, 229, 259, 260, 261], "summary": {"covered_lines": 31, "num_statements": 31, "percent_covered": 100.0, "percent_covered_display": "100", "missing_lines": 0, "excluded_lines": 0, "percent_statements_covered": 100.0, "percent_statements_covered_display": "100"}, "missing_lines": [], "excluded_lines": [], "start_line": 1}}, "classes": {"": {"executed_lines": [12, 14, 15, 19, 20, 21, 22, 23, 24, 25, 26, 27, 28, 30, 33, 34, 35, 48, 50, 54, 56, 66, 69, 71, 74, 77, 79, 85, 93, 96, 97, 98, 99, 100, 119, 126, 135, 136, 137, 138, 139, 141, 144, 146, 147, 148, 149, 151, 154, 156, 157, 159, 160, 162, 163, 164, 165, 166, 169, 175, 190, 193, 194, 195, 227, 228, 229, 241, 248, 249, 251, 252, 253, 254, 256, 259, 260, 261, 271, 272, 276, 277, 278, 281, 292, 293, 294, 295, 297], "summary": {"covered_lines": 89, "num_statements": 102, "percent_covered": 87.25490196078431, "percent_covered_display": "87", "missing_lines": 13, "excluded_lines": 0, "percent_statements_covered": 87.25490196078431, "percent_statements_covered_display": "87"}, "missing_lines": [51, 75, 140, 143, 208, 210, 219, 220, 221, 222, 224, 273, 274], "excluded_lines": [], "start_line": 1}}}, "app\\api\\subsonic\\handlers\\lyrics.py": {"executed_lines": [1, 3, 4, 5, 6, 7, 8, 9, 11, 14, 15, 16, 27, 28, 38, 39, 42, 47], "summary": {"covered_lines": 18, "num_statements": 24, "percent_covered": 75.0, "percent_covered_display": "75", "missing_lines": 6, "excluded_lines": 0, "percent_statements_covered": 75.0, "percent_statements_covered_display": "75"}, "missing_lines": [29, 30, 31, 32, 40, 58], "excluded_lines": [], "functions": {"get_lyrics": {"executed_lines": [27, 28, 38, 39, 42, 47], "summary": {"covered_lines": 6, "num_statements": 12, "percent_covered": 50.0, "percent_covered_display": "50", "missing_lines": 6, "excluded_lines": 0, "percent_statements_covered": 50.0, "percent_statements_covered_display": "50"}, "missing_lines": [29, 30, 31, 32, 40, 58], "excluded_lines": [], "start_line": 16}, "": {"executed_lines": [1, 3, 4, 5, 6, 7, 8, 9, 11, 14, 15, 16], "summary": {"covered_lines": 12, "num_statements": 12, "percent_covered": 100.0, "percent_covered_display": "100", "missing_lines": 0, "excluded_lines": 0, "percent_statements_covered": 100.0, "percent_statements_covered_display": "100"}, "missing_lines": [], "excluded_lines": [], "start_line": 1}}, "classes": {"": {"executed_lines": [1, 3, 4, 5, 6, 7, 8, 9, 11, 14, 15, 16, 27, 28, 38, 39, 42, 47], "summary": {"covered_lines": 18, "num_statements": 24, "percent_covered": 75.0, "percent_covered_display": "75", "missing_lines": 6, "excluded_lines": 0, "percent_statements_covered": 75.0, "percent_statements_covered_display": "75"}, "missing_lines": [29, 30, 31, 32, 40, 58], "excluded_lines": [], "start_line": 1}}}, "app\\api\\subsonic\\handlers\\media.py": {"executed_lines": [10, 11, 12, 13, 14, 16, 17, 18, 19, 20, 21, 22, 23, 24, 25, 26, 27, 28, 29, 30, 31, 33, 36, 37, 38, 39, 40, 42, 57, 58, 62, 63, 65, 73, 74, 76, 80, 98, 114, 123, 124, 127, 138, 139, 141, 142, 143, 147, 149, 150, 153, 154, 155, 156, 161, 162, 163, 181, 182, 183, 184, 187, 189, 190, 192, 194, 195, 196, 198, 199, 202, 203, 205, 207, 214, 215, 216, 218, 221, 222, 223, 224, 225, 226, 227, 228, 229, 230, 232, 233, 238, 246, 247, 248, 254, 255, 259, 261, 262, 264, 267, 268, 270, 271, 272, 273, 274, 280, 291, 331, 332, 333, 335, 336, 337, 339, 341, 342, 343, 345, 347, 348, 349, 351, 352, 353, 355, 356, 357, 358, 359, 360, 362, 363, 364, 366, 372, 388, 390, 391, 398, 399, 400, 403, 404, 405, 406, 408, 410, 411, 412, 413, 415, 416, 417, 419, 421, 423, 424, 425, 426, 431, 433, 435, 436, 437, 438, 439, 440, 443, 444, 445, 455, 456, 457, 458, 461, 464, 465, 466, 467, 468, 471, 473, 474, 477, 478, 481, 482, 483, 484, 485, 488, 491, 492, 498], "summary": {"covered_lines": 196, "num_statements": 263, "percent_covered": 74.52471482889734, "percent_covered_display": "75", "missing_lines": 67, "excluded_lines": 0, "percent_statements_covered": 74.52471482889734, "percent_statements_covered_display": "75"}, "missing_lines": [59, 66, 68, 69, 145, 146, 157, 158, 231, 234, 235, 236, 256, 257, 276, 292, 293, 294, 297, 298, 299, 301, 302, 303, 304, 305, 306, 307, 309, 312, 313, 314, 315, 317, 318, 319, 322, 323, 325, 327, 328, 329, 367, 368, 369, 370, 373, 376, 377, 378, 379, 382, 383, 384, 385, 386, 392, 394, 395, 397, 407, 420, 427, 428, 429, 430, 441], "excluded_lines": [], "functions": {"safe_content_disposition": {"executed_lines": [57, 58, 62, 63, 65], "summary": {"covered_lines": 5, "num_statements": 9, "percent_covered": 55.55555555555556, "percent_covered_display": "56", "missing_lines": 4, "excluded_lines": 0, "percent_statements_covered": 55.55555555555556, "percent_statements_covered_display": "56"}, "missing_lines": [59, 66, 68, 69], "excluded_lines": [], "start_line": 42}, "get_download_for_track": {"executed_lines": [114, 123, 124], "summary": {"covered_lines": 3, "num_statements": 3, "percent_covered": 100.0, "percent_covered_display": "100", "missing_lines": 0, "excluded_lines": 0, "percent_statements_covered": 100.0, "percent_statements_covered_display": "100"}, "missing_lines": [], "excluded_lines": [], "start_line": 98}, "parse_range_header": {"executed_lines": [138, 139, 141, 142, 143, 147, 149, 150, 153, 154, 155, 156], "summary": {"covered_lines": 12, "num_statements": 16, "percent_covered": 75.0, "percent_covered_display": "75", "missing_lines": 4, "excluded_lines": 0, "percent_statements_covered": 75.0, "percent_statements_covered_display": "75"}, "missing_lines": [145, 146, 157, 158], "excluded_lines": [], "start_line": 127}, "stream": {"executed_lines": [181, 182, 183, 184, 187, 189, 190, 192, 194, 195, 196, 198, 199, 202, 203, 205, 207, 214, 215, 216, 218, 221, 238], "summary": {"covered_lines": 23, "num_statements": 23, "percent_covered": 100.0, "percent_covered_display": "100", "missing_lines": 0, "excluded_lines": 0, "percent_statements_covered": 100.0, "percent_statements_covered_display": "100"}, "missing_lines": [], "excluded_lines": [], "start_line": 163}, "stream.file_iterator": {"executed_lines": [222, 223, 224, 225, 226, 227, 228, 229, 230, 232, 233], "summary": {"covered_lines": 11, "num_statements": 15, "percent_covered": 73.33333333333333, "percent_covered_display": "73", "missing_lines": 4, "excluded_lines": 0, "percent_statements_covered": 73.33333333333333, "percent_statements_covered_display": "73"}, "missing_lines": [231, 234, 235, 236], "excluded_lines": [], "start_line": 221}, "download_file": {"executed_lines": [254, 255, 259, 261, 262, 264, 267, 268, 270, 271, 272, 273, 274, 280], "summary": {"covered_lines": 14, "num_statements": 17, "percent_covered": 82.3529411764706, "percent_covered_display": "82", "missing_lines": 3, "excluded_lines": 0, "percent_statements_covered": 82.3529411764706, "percent_statements_covered_display": "82"}, "missing_lines": [256, 257, 276], "excluded_lines": [], "start_line": 248}, "_get_remote_image": {"executed_lines": [], "summary": {"covered_lines": 0, "num_statements": 27, "percent_covered": 0.0, "percent_covered_display": "0", "missing_lines": 27, "excluded_lines": 0, "percent_statements_covered": 0.0, "percent_statements_covered_display": "0"}, "missing_lines": [292, 293, 294, 297, 298, 299, 301, 302, 303, 304, 305, 306, 307, 309, 312, 313, 314, 315, 317, 318, 319, 322, 323, 325, 327, 328, 329], "excluded_lines": [], "start_line": 291}, "_resolve_local_file_path": {"executed_lines": [332, 333, 335, 336, 337, 339, 341, 342, 343, 345, 347, 348, 349, 351, 352, 353], "summary": {"covered_lines": 16, "num_statements": 16, "percent_covered": 100.0, "percent_covered_display": "100", "missing_lines": 0, "excluded_lines": 0, "percent_statements_covered": 100.0, "percent_statements_covered_display": "100"}, "missing_lines": [], "excluded_lines": [], "start_line": 331}, "_check_local_cover_files": {"executed_lines": [356, 357, 358, 359, 360, 362, 363, 364], "summary": {"covered_lines": 8, "num_statements": 8, "percent_covered": 100.0, "percent_covered_display": "100", "missing_lines": 0, "excluded_lines": 0, "percent_statements_covered": 100.0, "percent_statements_covered_display": "100"}, "missing_lines": [], "excluded_lines": [], "start_line": 355}, "_try_extract_flac_art": {"executed_lines": [], "summary": {"covered_lines": 0, "num_statements": 4, "percent_covered": 0.0, "percent_covered_display": "0", "missing_lines": 4, "excluded_lines": 0, "percent_statements_covered": 0.0, "percent_statements_covered_display": "0"}, "missing_lines": [367, 368, 369, 370], "excluded_lines": [], "start_line": 366}, "_try_extract_id3_art": {"executed_lines": [], "summary": {"covered_lines": 0, "num_statements": 10, "percent_covered": 0.0, "percent_covered_display": "0", "missing_lines": 10, "excluded_lines": 0, "percent_statements_covered": 0.0, "percent_statements_covered_display": "0"}, "missing_lines": [373, 376, 377, 378, 379, 382, 383, 384, 385, 386], "excluded_lines": [], "start_line": 372}, "_extract_embedded_art": {"executed_lines": [390, 391, 398, 399, 400], "summary": {"covered_lines": 5, "num_statements": 9, "percent_covered": 55.55555555555556, "percent_covered_display": "56", "missing_lines": 4, "excluded_lines": 0, "percent_statements_covered": 55.55555555555556, "percent_statements_covered_display": "56"}, "missing_lines": [392, 394, 395, 397], "excluded_lines": [], "start_line": 388}, "_resolve_album_image": {"executed_lines": [404, 405, 406, 408], "summary": {"covered_lines": 4, "num_statements": 5, "percent_covered": 80.0, "percent_covered_display": "80", "missing_lines": 1, "excluded_lines": 0, "percent_statements_covered": 80.0, "percent_statements_covered_display": "80"}, "missing_lines": [407], "excluded_lines": [], "start_line": 403}, "_resolve_track_image": {"executed_lines": [411, 412, 413, 415, 416, 417, 419, 421], "summary": {"covered_lines": 8, "num_statements": 9, "percent_covered": 88.88888888888889, "percent_covered_display": "89", "missing_lines": 1, "excluded_lines": 0, "percent_statements_covered": 88.88888888888889, "percent_statements_covered_display": "89"}, "missing_lines": [420], "excluded_lines": [], "start_line": 410}, "_resolve_artist_image": {"executed_lines": [424, 425, 426, 431], "summary": {"covered_lines": 4, "num_statements": 8, "percent_covered": 50.0, "percent_covered_display": "50", "missing_lines": 4, "excluded_lines": 0, "percent_statements_covered": 50.0, "percent_statements_covered_display": "50"}, "missing_lines": [427, 428, 429, 430], "excluded_lines": [], "start_line": 423}, "_resolve_image_url": {"executed_lines": [435, 436, 437, 438, 439, 440], "summary": {"covered_lines": 6, "num_statements": 7, "percent_covered": 85.71428571428571, "percent_covered_display": "86", "missing_lines": 1, "excluded_lines": 0, "percent_statements_covered": 85.71428571428571, "percent_statements_covered_display": "86"}, "missing_lines": [441], "excluded_lines": [], "start_line": 433}, "get_cover_art": {"executed_lines": [455, 456, 457, 458, 461, 464, 465, 466, 467, 468, 471, 473, 474, 477, 478, 481, 482, 483, 484, 485, 488], "summary": {"covered_lines": 21, "num_statements": 21, "percent_covered": 100.0, "percent_covered_display": "100", "missing_lines": 0, "excluded_lines": 0, "percent_statements_covered": 100.0, "percent_statements_covered_display": "100"}, "missing_lines": [], "excluded_lines": [], "start_line": 445}, "hls_stream": {"executed_lines": [498], "summary": {"covered_lines": 1, "num_statements": 1, "percent_covered": 100.0, "percent_covered_display": "100", "missing_lines": 0, "excluded_lines": 0, "percent_statements_covered": 100.0, "percent_statements_covered_display": "100"}, "missing_lines": [], "excluded_lines": [], "start_line": 492}, "": {"executed_lines": [10, 11, 12, 13, 14, 16, 17, 18, 19, 20, 21, 22, 23, 24, 25, 26, 27, 28, 29, 30, 31, 33, 36, 37, 38, 39, 40, 42, 73, 74, 76, 80, 98, 127, 161, 162, 163, 246, 247, 248, 291, 331, 355, 366, 372, 388, 403, 410, 423, 433, 443, 444, 445, 491, 492], "summary": {"covered_lines": 55, "num_statements": 55, "percent_covered": 100.0, "percent_covered_display": "100", "missing_lines": 0, "excluded_lines": 0, "percent_statements_covered": 100.0, "percent_statements_covered_display": "100"}, "missing_lines": [], "excluded_lines": [], "start_line": 1}}, "classes": {"": {"executed_lines": [10, 11, 12, 13, 14, 16, 17, 18, 19, 20, 21, 22, 23, 24, 25, 26, 27, 28, 29, 30, 31, 33, 36, 37, 38, 39, 40, 42, 57, 58, 62, 63, 65, 73, 74, 76, 80, 98, 114, 123, 124, 127, 138, 139, 141, 142, 143, 147, 149, 150, 153, 154, 155, 156, 161, 162, 163, 181, 182, 183, 184, 187, 189, 190, 192, 194, 195, 196, 198, 199, 202, 203, 205, 207, 214, 215, 216, 218, 221, 222, 223, 224, 225, 226, 227, 228, 229, 230, 232, 233, 238, 246, 247, 248, 254, 255, 259, 261, 262, 264, 267, 268, 270, 271, 272, 273, 274, 280, 291, 331, 332, 333, 335, 336, 337, 339, 341, 342, 343, 345, 347, 348, 349, 351, 352, 353, 355, 356, 357, 358, 359, 360, 362, 363, 364, 366, 372, 388, 390, 391, 398, 399, 400, 403, 404, 405, 406, 408, 410, 411, 412, 413, 415, 416, 417, 419, 421, 423, 424, 425, 426, 431, 433, 435, 436, 437, 438, 439, 440, 443, 444, 445, 455, 456, 457, 458, 461, 464, 465, 466, 467, 468, 471, 473, 474, 477, 478, 481, 482, 483, 484, 485, 488, 491, 492, 498], "summary": {"covered_lines": 196, "num_statements": 263, "percent_covered": 74.52471482889734, "percent_covered_display": "75", "missing_lines": 67, "excluded_lines": 0, "percent_statements_covered": 74.52471482889734, "percent_statements_covered_display": "75"}, "missing_lines": [59, 66, 68, 69, 145, 146, 157, 158, 231, 234, 235, 236, 256, 257, 276, 292, 293, 294, 297, 298, 299, 301, 302, 303, 304, 305, 306, 307, 309, 312, 313, 314, 315, 317, 318, 319, 322, 323, 325, 327, 328, 329, 367, 368, 369, 370, 373, 376, 377, 378, 379, 382, 383, 384, 385, 386, 392, 394, 395, 397, 407, 420, 427, 428, 429, 430, 441], "excluded_lines": [], "start_line": 1}}}, "app\\api\\subsonic\\handlers\\playlist.py": {"executed_lines": [12, 13, 15, 16, 21, 22, 23, 24, 25, 26, 27, 28, 29, 31, 34, 35, 36, 39, 40, 41, 59, 62, 64, 65, 67, 73, 74, 75, 78, 79, 81, 96, 99, 100, 101, 116, 117, 118, 119, 122, 123, 125, 126, 129, 133, 143, 144, 147, 148, 149, 150, 152, 153, 156, 157, 159, 160, 161, 162, 165, 166, 168, 187, 188, 189, 211, 213, 214, 218, 219, 221, 224, 228, 229, 232, 234, 237, 238, 239, 240, 245, 249, 250, 254, 257, 262, 263, 266, 267, 268, 269, 270, 275, 279, 282, 285, 286, 287, 312, 313, 314, 315, 318, 319, 321, 322, 324, 328, 329, 330, 331, 332, 333, 336, 338, 341, 344, 345, 346, 349, 352, 353, 354, 357, 359, 360, 362, 363, 364, 365, 366, 371, 375, 376, 378, 381, 382, 383, 398, 399, 400, 401, 404, 405, 407, 408, 410, 414, 415, 417], "summary": {"covered_lines": 150, "num_statements": 164, "percent_covered": 91.46341463414635, "percent_covered_display": "91", "missing_lines": 14, "excluded_lines": 0, "percent_statements_covered": 91.46341463414635, "percent_statements_covered_display": "91"}, "missing_lines": [130, 215, 216, 222, 225, 246, 247, 255, 276, 277, 325, 372, 373, 411], "excluded_lines": [], "functions": {"get_playlists": {"executed_lines": [59, 62, 64, 65, 67, 73, 74, 75, 78, 79, 81, 96], "summary": {"covered_lines": 12, "num_statements": 12, "percent_covered": 100.0, "percent_covered_display": "100", "missing_lines": 0, "excluded_lines": 0, "percent_statements_covered": 100.0, "percent_statements_covered_display": "100"}, "missing_lines": [], "excluded_lines": [], "start_line": 41}, "get_playlist": {"executed_lines": [116, 117, 118, 119, 122, 123, 125, 126, 129, 133, 143, 144, 147, 148, 149, 150, 152, 153, 156, 157, 159, 160, 161, 162, 165, 166, 168], "summary": {"covered_lines": 27, "num_statements": 28, "percent_covered": 96.42857142857143, "percent_covered_display": "96", "missing_lines": 1, "excluded_lines": 0, "percent_statements_covered": 96.42857142857143, "percent_statements_covered_display": "96"}, "missing_lines": [130], "excluded_lines": [], "start_line": 101}, "create_playlist": {"executed_lines": [211, 213, 214, 218, 219, 221, 224, 228, 229, 232, 234, 237, 238, 239, 240, 245, 249, 250, 254, 257, 262, 263, 266, 267, 268, 269, 270, 275, 279, 282], "summary": {"covered_lines": 30, "num_statements": 39, "percent_covered": 76.92307692307692, "percent_covered_display": "77", "missing_lines": 9, "excluded_lines": 0, "percent_statements_covered": 76.92307692307692, "percent_statements_covered_display": "77"}, "missing_lines": [215, 216, 222, 225, 246, 247, 255, 276, 277], "excluded_lines": [], "start_line": 189}, "update_playlist": {"executed_lines": [312, 313, 314, 315, 318, 319, 321, 322, 324, 328, 329, 330, 331, 332, 333, 336, 338, 341, 344, 345, 346, 349, 352, 353, 354, 357, 359, 360, 362, 363, 364, 365, 366, 371, 375, 376, 378], "summary": {"covered_lines": 37, "num_statements": 40, "percent_covered": 92.5, "percent_covered_display": "92", "missing_lines": 3, "excluded_lines": 0, "percent_statements_covered": 92.5, "percent_statements_covered_display": "92"}, "missing_lines": [325, 372, 373], "excluded_lines": [], "start_line": 287}, "delete_playlist": {"executed_lines": [398, 399, 400, 401, 404, 405, 407, 408, 410, 414, 415, 417], "summary": {"covered_lines": 12, "num_statements": 13, "percent_covered": 92.3076923076923, "percent_covered_display": "92", "missing_lines": 1, "excluded_lines": 0, "percent_statements_covered": 92.3076923076923, "percent_statements_covered_display": "92"}, "missing_lines": [411], "excluded_lines": [], "start_line": 383}, "": {"executed_lines": [12, 13, 15, 16, 21, 22, 23, 24, 25, 26, 27, 28, 29, 31, 34, 35, 36, 39, 40, 41, 99, 100, 101, 187, 188, 189, 285, 286, 287, 381, 382, 383], "summary": {"covered_lines": 32, "num_statements": 32, "percent_covered": 100.0, "percent_covered_display": "100", "missing_lines": 0, "excluded_lines": 0, "percent_statements_covered": 100.0, "percent_statements_covered_display": "100"}, "missing_lines": [], "excluded_lines": [], "start_line": 1}}, "classes": {"": {"executed_lines": [12, 13, 15, 16, 21, 22, 23, 24, 25, 26, 27, 28, 29, 31, 34, 35, 36, 39, 40, 41, 59, 62, 64, 65, 67, 73, 74, 75, 78, 79, 81, 96, 99, 100, 101, 116, 117, 118, 119, 122, 123, 125, 126, 129, 133, 143, 144, 147, 148, 149, 150, 152, 153, 156, 157, 159, 160, 161, 162, 165, 166, 168, 187, 188, 189, 211, 213, 214, 218, 219, 221, 224, 228, 229, 232, 234, 237, 238, 239, 240, 245, 249, 250, 254, 257, 262, 263, 266, 267, 268, 269, 270, 275, 279, 282, 285, 286, 287, 312, 313, 314, 315, 318, 319, 321, 322, 324, 328, 329, 330, 331, 332, 333, 336, 338, 341, 344, 345, 346, 349, 352, 353, 354, 357, 359, 360, 362, 363, 364, 365, 366, 371, 375, 376, 378, 381, 382, 383, 398, 399, 400, 401, 404, 405, 407, 408, 410, 414, 415, 417], "summary": {"covered_lines": 150, "num_statements": 164, "percent_covered": 91.46341463414635, "percent_covered_display": "91", "missing_lines": 14, "excluded_lines": 0, "percent_statements_covered": 91.46341463414635, "percent_statements_covered_display": "91"}, "missing_lines": [130, 215, 216, 222, 225, 246, 247, 255, 276, 277, 325, 372, 373, 411], "excluded_lines": [], "start_line": 1}}}, "app\\api\\subsonic\\handlers\\search.py": {"executed_lines": [9, 10, 15, 16, 17, 18, 19, 20, 21, 22, 23, 24, 26, 29, 30, 31, 82, 83, 84, 112, 115, 116, 117, 132, 134, 135, 137, 147, 148, 149, 162, 164, 165, 166, 167, 168, 169, 172, 179, 181, 197, 198, 199, 215, 216, 217, 218, 220, 232, 233, 234, 261, 264, 265, 266, 281, 282, 283, 285, 295, 296, 297, 311, 312, 313, 314, 315, 316, 317, 319, 326, 329, 336, 338, 355, 356, 357, 372, 373, 375], "summary": {"covered_lines": 80, "num_statements": 90, "percent_covered": 88.88888888888889, "percent_covered_display": "89", "missing_lines": 10, "excluded_lines": 0, "percent_statements_covered": 88.88888888888889, "percent_statements_covered_display": "89"}, "missing_lines": [50, 52, 53, 56, 58, 73, 75, 76, 77, 79], "excluded_lines": [], "functions": {"search_legacy": {"executed_lines": [], "summary": {"covered_lines": 0, "num_statements": 10, "percent_covered": 0.0, "percent_covered_display": "0", "missing_lines": 10, "excluded_lines": 0, "percent_statements_covered": 0.0, "percent_statements_covered_display": "0"}, "missing_lines": [50, 52, 53, 56, 58, 73, 75, 76, 77, 79], "excluded_lines": [], "start_line": 31}, "search2": {"executed_lines": [112, 115, 116, 117, 132, 134, 135, 137, 147, 148, 149, 162, 164, 165, 166, 167, 168, 169, 172, 179, 181, 197, 198, 199, 215, 216, 217, 218, 220], "summary": {"covered_lines": 29, "num_statements": 29, "percent_covered": 100.0, "percent_covered_display": "100", "missing_lines": 0, "excluded_lines": 0, "percent_statements_covered": 100.0, "percent_statements_covered_display": "100"}, "missing_lines": [], "excluded_lines": [], "start_line": 84}, "search3": {"executed_lines": [261, 264, 265, 266, 281, 282, 283, 285, 295, 296, 297, 311, 312, 313, 314, 315, 316, 317, 319, 326, 329, 336, 338, 355, 356, 357, 372, 373, 375], "summary": {"covered_lines": 29, "num_statements": 29, "percent_covered": 100.0, "percent_covered_display": "100", "missing_lines": 0, "excluded_lines": 0, "percent_statements_covered": 100.0, "percent_statements_covered_display": "100"}, "missing_lines": [], "excluded_lines": [], "start_line": 234}, "": {"executed_lines": [9, 10, 15, 16, 17, 18, 19, 20, 21, 22, 23, 24, 26, 29, 30, 31, 82, 83, 84, 232, 233, 234], "summary": {"covered_lines": 22, "num_statements": 22, "percent_covered": 100.0, "percent_covered_display": "100", "missing_lines": 0, "excluded_lines": 0, "percent_statements_covered": 100.0, "percent_statements_covered_display": "100"}, "missing_lines": [], "excluded_lines": [], "start_line": 1}}, "classes": {"": {"executed_lines": [9, 10, 15, 16, 17, 18, 19, 20, 21, 22, 23, 24, 26, 29, 30, 31, 82, 83, 84, 112, 115, 116, 117, 132, 134, 135, 137, 147, 148, 149, 162, 164, 165, 166, 167, 168, 169, 172, 179, 181, 197, 198, 199, 215, 216, 217, 218, 220, 232, 233, 234, 261, 264, 265, 266, 281, 282, 283, 285, 295, 296, 297, 311, 312, 313, 314, 315, 316, 317, 319, 326, 329, 336, 338, 355, 356, 357, 372, 373, 375], "summary": {"covered_lines": 80, "num_statements": 90, "percent_covered": 88.88888888888889, "percent_covered_display": "89", "missing_lines": 10, "excluded_lines": 0, "percent_statements_covered": 88.88888888888889, "percent_statements_covered_display": "89"}, "missing_lines": [50, 52, 53, 56, 58, 73, 75, 76, 77, 79], "excluded_lines": [], "start_line": 1}}}, "app\\api\\subsonic\\handlers\\system.py": {"executed_lines": [11, 13, 18, 19, 20, 21, 22, 23, 25, 28, 29, 30, 42, 45, 46, 47, 59, 71, 72, 73, 127, 128, 129, 156, 158, 162, 163, 170, 173, 177, 184, 193, 194, 195, 221, 222, 223], "summary": {"covered_lines": 37, "num_statements": 52, "percent_covered": 71.15384615384616, "percent_covered_display": "71", "missing_lines": 15, "excluded_lines": 0, "percent_statements_covered": 71.15384615384616, "percent_statements_covered_display": "71"}, "missing_lines": [92, 95, 97, 98, 99, 101, 159, 164, 165, 166, 167, 171, 174, 209, 235], "excluded_lines": [], "functions": {"ping": {"executed_lines": [42], "summary": {"covered_lines": 1, "num_statements": 1, "percent_covered": 100.0, "percent_covered_display": "100", "missing_lines": 0, "excluded_lines": 0, "percent_statements_covered": 100.0, "percent_statements_covered_display": "100"}, "missing_lines": [], "excluded_lines": [], "start_line": 30}, "get_license": {"executed_lines": [59], "summary": {"covered_lines": 1, "num_statements": 1, "percent_covered": 100.0, "percent_covered_display": "100", "missing_lines": 0, "excluded_lines": 0, "percent_statements_covered": 100.0, "percent_statements_covered_display": "100"}, "missing_lines": [], "excluded_lines": [], "start_line": 47}, "get_user": {"executed_lines": [], "summary": {"covered_lines": 0, "num_statements": 6, "percent_covered": 0.0, "percent_covered_display": "0", "missing_lines": 6, "excluded_lines": 0, "percent_statements_covered": 0.0, "percent_statements_covered_display": "0"}, "missing_lines": [92, 95, 97, 98, 99, 101], "excluded_lines": [], "start_line": 73}, "get_token": {"executed_lines": [156, 158, 162, 163, 170, 173, 177, 184], "summary": {"covered_lines": 8, "num_statements": 15, "percent_covered": 53.333333333333336, "percent_covered_display": "53", "missing_lines": 7, "excluded_lines": 0, "percent_statements_covered": 53.333333333333336, "percent_statements_covered_display": "53"}, "missing_lines": [159, 164, 165, 166, 167, 171, 174], "excluded_lines": [], "start_line": 129}, "get_scan_status": {"executed_lines": [], "summary": {"covered_lines": 0, "num_statements": 1, "percent_covered": 0.0, "percent_covered_display": "0", "missing_lines": 1, "excluded_lines": 0, "percent_statements_covered": 0.0, "percent_statements_covered_display": "0"}, "missing_lines": [209], "excluded_lines": [], "start_line": 195}, "get_open_subsonic_extensions": {"executed_lines": [], "summary": {"covered_lines": 0, "num_statements": 1, "percent_covered": 0.0, "percent_covered_display": "0", "missing_lines": 1, "excluded_lines": 0, "percent_statements_covered": 0.0, "percent_statements_covered_display": "0"}, "missing_lines": [235], "excluded_lines": [], "start_line": 223}, "": {"executed_lines": [11, 13, 18, 19, 20, 21, 22, 23, 25, 28, 29, 30, 45, 46, 47, 71, 72, 73, 127, 128, 129, 193, 194, 195, 221, 222, 223], "summary": {"covered_lines": 27, "num_statements": 27, "percent_covered": 100.0, "percent_covered_display": "100", "missing_lines": 0, "excluded_lines": 0, "percent_statements_covered": 100.0, "percent_statements_covered_display": "100"}, "missing_lines": [], "excluded_lines": [], "start_line": 1}}, "classes": {"": {"executed_lines": [11, 13, 18, 19, 20, 21, 22, 23, 25, 28, 29, 30, 42, 45, 46, 47, 59, 71, 72, 73, 127, 128, 129, 156, 158, 162, 163, 170, 173, 177, 184, 193, 194, 195, 221, 222, 223], "summary": {"covered_lines": 37, "num_statements": 52, "percent_covered": 71.15384615384616, "percent_covered_display": "71", "missing_lines": 15, "excluded_lines": 0, "percent_statements_covered": 71.15384615384616, "percent_statements_covered_display": "71"}, "missing_lines": [92, 95, 97, 98, 99, 101, 159, 164, 165, 166, 167, 171, 174, 209, 235], "excluded_lines": [], "start_line": 1}}}, "app\\api\\subsonic\\handlers\\user.py": {"executed_lines": [12, 13, 15, 16, 20, 21, 22, 23, 24, 25, 26, 27, 28, 29, 30, 31, 32, 34, 37, 38, 39, 62, 63, 64, 65, 68, 74, 75, 79, 80, 81, 84, 85, 86, 87, 89, 95, 96, 100, 105, 106, 107, 108, 110, 116, 117, 121, 125, 126, 129, 130, 131, 151, 152, 153, 154, 155, 165, 166, 167, 168, 169, 179, 180, 181, 182, 183, 192, 193, 196, 197, 198, 211, 217, 218, 219, 228, 234, 235, 256, 269, 270, 271, 272, 273, 275, 287, 288, 289, 301, 304, 305, 308, 309, 317, 318, 319, 336, 337, 339, 340, 341, 342, 345, 351, 353, 355, 356, 357, 363, 368, 370, 371, 374, 375, 376, 397, 398, 399, 400, 402, 404, 405, 406, 408, 414, 417, 422, 424, 428, 432, 434, 435, 438, 439, 440, 450, 452, 454, 469, 470, 477, 480, 481, 482, 504, 506, 508, 517, 521, 525, 527, 529, 530, 531, 533], "summary": {"covered_lines": 156, "num_statements": 186, "percent_covered": 83.87096774193549, "percent_covered_display": "84", "missing_lines": 30, "excluded_lines": 0, "percent_statements_covered": 83.87096774193549, "percent_statements_covered_display": "84"}, "missing_lines": [101, 102, 122, 123, 161, 162, 175, 176, 189, 190, 236, 237, 238, 239, 240, 241, 243, 312, 314, 359, 360, 425, 426, 471, 472, 473, 474, 475, 518, 522], "excluded_lines": [], "functions": {"star": {"executed_lines": [62, 63, 64, 65, 68, 74, 75, 79, 80, 81, 84, 85, 86, 87, 89, 95, 96, 100, 105, 106, 107, 108, 110, 116, 117, 121, 125, 126], "summary": {"covered_lines": 28, "num_statements": 32, "percent_covered": 87.5, "percent_covered_display": "88", "missing_lines": 4, "excluded_lines": 0, "percent_statements_covered": 87.5, "percent_statements_covered_display": "88"}, "missing_lines": [101, 102, 122, 123], "excluded_lines": [], "start_line": 39}, "unstar": {"executed_lines": [151, 152, 153, 154, 155, 165, 166, 167, 168, 169, 179, 180, 181, 182, 183, 192, 193], "summary": {"covered_lines": 17, "num_statements": 23, "percent_covered": 73.91304347826087, "percent_covered_display": "74", "missing_lines": 6, "excluded_lines": 0, "percent_statements_covered": 73.91304347826087, "percent_statements_covered_display": "74"}, "missing_lines": [161, 162, 175, 176, 189, 190], "excluded_lines": [], "start_line": 131}, "get_starred": {"executed_lines": [211, 217, 218, 219, 228, 234, 235, 256, 269, 270, 271, 272, 273, 275], "summary": {"covered_lines": 14, "num_statements": 21, "percent_covered": 66.66666666666667, "percent_covered_display": "67", "missing_lines": 7, "excluded_lines": 0, "percent_statements_covered": 66.66666666666667, "percent_statements_covered_display": "67"}, "missing_lines": [236, 237, 238, 239, 240, 241, 243], "excluded_lines": [], "start_line": 198}, "get_starred2": {"executed_lines": [301, 304, 305, 308, 309], "summary": {"covered_lines": 5, "num_statements": 7, "percent_covered": 71.42857142857143, "percent_covered_display": "71", "missing_lines": 2, "excluded_lines": 0, "percent_statements_covered": 71.42857142857143, "percent_statements_covered_display": "71"}, "missing_lines": [312, 314], "excluded_lines": [], "start_line": 289}, "set_rating": {"executed_lines": [336, 337, 339, 340, 341, 342, 345, 351, 353, 355, 356, 357, 363, 368, 370, 371], "summary": {"covered_lines": 16, "num_statements": 18, "percent_covered": 88.88888888888889, "percent_covered_display": "89", "missing_lines": 2, "excluded_lines": 0, "percent_statements_covered": 88.88888888888889, "percent_statements_covered_display": "89"}, "missing_lines": [359, 360], "excluded_lines": [], "start_line": 319}, "scrobble": {"executed_lines": [397, 398, 399, 400, 402, 404, 405, 406, 408, 414, 417, 422, 424, 428, 432, 434, 435], "summary": {"covered_lines": 17, "num_statements": 19, "percent_covered": 89.47368421052632, "percent_covered_display": "89", "missing_lines": 2, "excluded_lines": 0, "percent_statements_covered": 89.47368421052632, "percent_statements_covered_display": "89"}, "missing_lines": [425, 426], "excluded_lines": [], "start_line": 376}, "get_now_playing": {"executed_lines": [450, 452, 454, 469, 470, 477], "summary": {"covered_lines": 6, "num_statements": 11, "percent_covered": 54.54545454545455, "percent_covered_display": "55", "missing_lines": 5, "excluded_lines": 0, "percent_statements_covered": 54.54545454545455, "percent_statements_covered_display": "55"}, "missing_lines": [471, 472, 473, 474, 475], "excluded_lines": [], "start_line": 440}, "get_random_songs": {"executed_lines": [504, 506, 508, 517, 521, 525, 527, 529, 530, 531, 533], "summary": {"covered_lines": 11, "num_statements": 13, "percent_covered": 84.61538461538461, "percent_covered_display": "85", "missing_lines": 2, "excluded_lines": 0, "percent_statements_covered": 84.61538461538461, "percent_statements_covered_display": "85"}, "missing_lines": [518, 522], "excluded_lines": [], "start_line": 482}, "": {"executed_lines": [12, 13, 15, 16, 20, 21, 22, 23, 24, 25, 26, 27, 28, 29, 30, 31, 32, 34, 37, 38, 39, 129, 130, 131, 196, 197, 198, 287, 288, 289, 317, 318, 319, 374, 375, 376, 438, 439, 440, 480, 481, 482], "summary": {"covered_lines": 42, "num_statements": 42, "percent_covered": 100.0, "percent_covered_display": "100", "missing_lines": 0, "excluded_lines": 0, "percent_statements_covered": 100.0, "percent_statements_covered_display": "100"}, "missing_lines": [], "excluded_lines": [], "start_line": 1}}, "classes": {"": {"executed_lines": [12, 13, 15, 16, 20, 21, 22, 23, 24, 25, 26, 27, 28, 29, 30, 31, 32, 34, 37, 38, 39, 62, 63, 64, 65, 68, 74, 75, 79, 80, 81, 84, 85, 86, 87, 89, 95, 96, 100, 105, 106, 107, 108, 110, 116, 117, 121, 125, 126, 129, 130, 131, 151, 152, 153, 154, 155, 165, 166, 167, 168, 169, 179, 180, 181, 182, 183, 192, 193, 196, 197, 198, 211, 217, 218, 219, 228, 234, 235, 256, 269, 270, 271, 272, 273, 275, 287, 288, 289, 301, 304, 305, 308, 309, 317, 318, 319, 336, 337, 339, 340, 341, 342, 345, 351, 353, 355, 356, 357, 363, 368, 370, 371, 374, 375, 376, 397, 398, 399, 400, 402, 404, 405, 406, 408, 414, 417, 422, 424, 428, 432, 434, 435, 438, 439, 440, 450, 452, 454, 469, 470, 477, 480, 481, 482, 504, 506, 508, 517, 521, 525, 527, 529, 530, 531, 533], "summary": {"covered_lines": 156, "num_statements": 186, "percent_covered": 83.87096774193549, "percent_covered_display": "84", "missing_lines": 30, "excluded_lines": 0, "percent_statements_covered": 83.87096774193549, "percent_statements_covered_display": "84"}, "missing_lines": [101, 102, 122, 123, 161, 162, 175, 176, 189, 190, 236, 237, 238, 239, 240, 241, 243, 312, 314, 359, 360, 425, 426, 471, 472, 473, 474, 475, 518, 522], "excluded_lines": [], "start_line": 1}}}, "app\\api\\subsonic\\router.py": {"executed_lines": [7, 18, 21, 23, 24, 26, 27, 28, 29, 31, 32, 33, 35, 36, 38, 42, 47, 48, 49, 50, 51, 52, 53, 54, 55, 58, 59], "summary": {"covered_lines": 27, "num_statements": 36, "percent_covered": 75.0, "percent_covered_display": "75", "missing_lines": 9, "excluded_lines": 0, "percent_statements_covered": 75.0, "percent_statements_covered_display": "75"}, "missing_lines": [34, 61, 62, 63, 64, 65, 66, 67, 68], "excluded_lines": [], "functions": {"log_subsonic_request": {"executed_lines": [23, 24, 26, 27, 28, 29, 31, 32, 33, 35, 36, 38], "summary": {"covered_lines": 12, "num_statements": 13, "percent_covered": 92.3076923076923, "percent_covered_display": "92", "missing_lines": 1, "excluded_lines": 0, "percent_statements_covered": 92.3076923076923, "percent_statements_covered_display": "92"}, "missing_lines": [34], "excluded_lines": [], "start_line": 21}, "catch_all_subsonic": {"executed_lines": [], "summary": {"covered_lines": 0, "num_statements": 8, "percent_covered": 0.0, "percent_covered_display": "0", "missing_lines": 8, "excluded_lines": 0, "percent_statements_covered": 0.0, "percent_statements_covered_display": "0"}, "missing_lines": [61, 62, 63, 64, 65, 66, 67, 68], "excluded_lines": [], "start_line": 59}, "": {"executed_lines": [7, 18, 21, 42, 47, 48, 49, 50, 51, 52, 53, 54, 55, 58, 59], "summary": {"covered_lines": 15, "num_statements": 15, "percent_covered": 100.0, "percent_covered_display": "100", "missing_lines": 0, "excluded_lines": 0, "percent_statements_covered": 100.0, "percent_statements_covered_display": "100"}, "missing_lines": [], "excluded_lines": [], "start_line": 1}}, "classes": {"": {"executed_lines": [7, 18, 21, 23, 24, 26, 27, 28, 29, 31, 32, 33, 35, 36, 38, 42, 47, 48, 49, 50, 51, 52, 53, 54, 55, 58, 59], "summary": {"covered_lines": 27, "num_statements": 36, "percent_covered": 75.0, "percent_covered_display": "75", "missing_lines": 9, "excluded_lines": 0, "percent_statements_covered": 75.0, "percent_statements_covered_display": "75"}, "missing_lines": [34, 61, 62, 63, 64, 65, 66, 67, 68], "excluded_lines": [], "start_line": 1}}}, "app\\api\\subsonic\\utils.py": {"executed_lines": [7, 8, 9, 12, 24, 25, 26, 29, 41, 42, 43, 46, 64, 77, 104, 114, 115, 116, 117, 119, 120, 122, 125, 135, 137, 153, 156, 172, 174, 188, 189, 192, 193, 194, 195, 199, 200, 201, 202, 204, 206, 207, 209, 211, 212, 216, 218, 219, 223, 227, 228, 231, 232, 233, 235, 236, 240, 242, 243, 245, 249, 250, 251, 252, 253, 255, 258, 284], "summary": {"covered_lines": 68, "num_statements": 90, "percent_covered": 75.55555555555556, "percent_covered_display": "76", "missing_lines": 22, "excluded_lines": 0, "percent_statements_covered": 75.55555555555556, "percent_statements_covered_display": "76"}, "missing_lines": [61, 74, 95, 96, 97, 98, 99, 100, 101, 196, 213, 214, 220, 221, 224, 237, 238, 239, 246, 270, 295, 297], "excluded_lines": [], "functions": {"format_subsonic_date": {"executed_lines": [24, 25, 26], "summary": {"covered_lines": 3, "num_statements": 3, "percent_covered": 100.0, "percent_covered_display": "100", "missing_lines": 0, "excluded_lines": 0, "percent_statements_covered": 100.0, "percent_statements_covered_display": "100"}, "missing_lines": [], "excluded_lines": [], "start_line": 12}, "format_duration": {"executed_lines": [41, 42, 43], "summary": {"covered_lines": 3, "num_statements": 3, "percent_covered": 100.0, "percent_covered_display": "100", "missing_lines": 0, "excluded_lines": 0, "percent_statements_covered": 100.0, "percent_statements_covered_display": "100"}, "missing_lines": [], "excluded_lines": [], "start_line": 29}, "parse_subsonic_id": {"executed_lines": [], "summary": {"covered_lines": 0, "num_statements": 1, "percent_covered": 0.0, "percent_covered_display": "0", "missing_lines": 1, "excluded_lines": 0, "percent_statements_covered": 0.0, "percent_statements_covered_display": "0"}, "missing_lines": [61], "excluded_lines": [], "start_line": 46}, "to_subsonic_id": {"executed_lines": [], "summary": {"covered_lines": 0, "num_statements": 1, "percent_covered": 0.0, "percent_covered_display": "0", "missing_lines": 1, "excluded_lines": 0, "percent_statements_covered": 0.0, "percent_statements_covered_display": "0"}, "missing_lines": [74], "excluded_lines": [], "start_line": 64}, "get_cover_art_id": {"executed_lines": [], "summary": {"covered_lines": 0, "num_statements": 7, "percent_covered": 0.0, "percent_covered_display": "0", "missing_lines": 7, "excluded_lines": 0, "percent_statements_covered": 0.0, "percent_statements_covered_display": "0"}, "missing_lines": [95, 96, 97, 98, 99, 100, 101], "excluded_lines": [], "start_line": 77}, "parse_cover_art_id": {"executed_lines": [114, 115, 116, 117, 119, 120, 122], "summary": {"covered_lines": 7, "num_statements": 7, "percent_covered": 100.0, "percent_covered_display": "100", "missing_lines": 0, "excluded_lines": 0, "percent_statements_covered": 100.0, "percent_statements_covered_display": "100"}, "missing_lines": [], "excluded_lines": [], "start_line": 104}, "get_content_type": {"executed_lines": [135, 137, 153], "summary": {"covered_lines": 3, "num_statements": 3, "percent_covered": 100.0, "percent_covered_display": "100", "missing_lines": 0, "excluded_lines": 0, "percent_statements_covered": 100.0, "percent_statements_covered_display": "100"}, "missing_lines": [], "excluded_lines": [], "start_line": 125}, "build_song_response": {"executed_lines": [172, 174, 188, 189, 192, 193, 194, 195, 199, 200, 201, 202, 204, 206, 207, 209, 211, 212, 216, 218, 219, 223, 227, 228, 231, 232, 233, 235, 236, 240, 242, 243, 245, 249, 250, 251, 252, 253, 255], "summary": {"covered_lines": 39, "num_statements": 49, "percent_covered": 79.59183673469387, "percent_covered_display": "80", "missing_lines": 10, "excluded_lines": 0, "percent_statements_covered": 79.59183673469387, "percent_statements_covered_display": "80"}, "missing_lines": [196, 213, 214, 220, 221, 224, 237, 238, 239, 246], "excluded_lines": [], "start_line": 156}, "build_album_response": {"executed_lines": [], "summary": {"covered_lines": 0, "num_statements": 1, "percent_covered": 0.0, "percent_covered_display": "0", "missing_lines": 1, "excluded_lines": 0, "percent_statements_covered": 0.0, "percent_statements_covered_display": "0"}, "missing_lines": [270], "excluded_lines": [], "start_line": 258}, "build_artist_response": {"executed_lines": [], "summary": {"covered_lines": 0, "num_statements": 2, "percent_covered": 0.0, "percent_covered_display": "0", "missing_lines": 2, "excluded_lines": 0, "percent_statements_covered": 0.0, "percent_statements_covered_display": "0"}, "missing_lines": [295, 297], "excluded_lines": [], "start_line": 284}, "": {"executed_lines": [7, 8, 9, 12, 29, 46, 64, 77, 104, 125, 156, 258, 284], "summary": {"covered_lines": 13, "num_statements": 13, "percent_covered": 100.0, "percent_covered_display": "100", "missing_lines": 0, "excluded_lines": 0, "percent_statements_covered": 100.0, "percent_statements_covered_display": "100"}, "missing_lines": [], "excluded_lines": [], "start_line": 1}}, "classes": {"": {"executed_lines": [7, 8, 9, 12, 24, 25, 26, 29, 41, 42, 43, 46, 64, 77, 104, 114, 115, 116, 117, 119, 120, 122, 125, 135, 137, 153, 156, 172, 174, 188, 189, 192, 193, 194, 195, 199, 200, 201, 202, 204, 206, 207, 209, 211, 212, 216, 218, 219, 223, 227, 228, 231, 232, 233, 235, 236, 240, 242, 243, 245, 249, 250, 251, 252, 253, 255, 258, 284], "summary": {"covered_lines": 68, "num_statements": 90, "percent_covered": 75.55555555555556, "percent_covered_display": "76", "missing_lines": 22, "excluded_lines": 0, "percent_statements_covered": 75.55555555555556, "percent_statements_covered_display": "76"}, "missing_lines": [61, 74, 95, 96, 97, 98, 99, 100, 101, 196, 213, 214, 220, 221, 224, 237, 238, 239, 246, 270, 295, 297], "excluded_lines": [], "start_line": 1}}}, "app\\api\\v1\\__init__.py": {"executed_lines": [1, 23, 25, 26, 27, 28, 29, 30, 31, 32, 33, 34, 35, 36, 37, 38, 40, 41, 42, 43, 44, 45, 46], "summary": {"covered_lines": 23, "num_statements": 23, "percent_covered": 100.0, "percent_covered_display": "100", "missing_lines": 0, "excluded_lines": 0, "percent_statements_covered": 100.0, "percent_statements_covered_display": "100"}, "missing_lines": [], "excluded_lines": [], "functions": {"": {"executed_lines": [1, 23, 25, 26, 27, 28, 29, 30, 31, 32, 33, 34, 35, 36, 37, 38, 40, 41, 42, 43, 44, 45, 46], "summary": {"covered_lines": 23, "num_statements": 23, "percent_covered": 100.0, "percent_covered_display": "100", "missing_lines": 0, "excluded_lines": 0, "percent_statements_covered": 100.0, "percent_statements_covered_display": "100"}, "missing_lines": [], "excluded_lines": [], "start_line": 1}}, "classes": {"": {"executed_lines": [1, 23, 25, 26, 27, 28, 29, 30, 31, 32, 33, 34, 35, 36, 37, 38, 40, 41, 42, 43, 44, 45, 46], "summary": {"covered_lines": 23, "num_statements": 23, "percent_covered": 100.0, "percent_covered_display": "100", "missing_lines": 0, "excluded_lines": 0, "percent_statements_covered": 100.0, "percent_statements_covered_display": "100"}, "missing_lines": [], "excluded_lines": [], "start_line": 1}}}, "app\\api\\v1\\amazon_music.py": {"executed_lines": [1, 2, 3, 4, 6, 9, 10], "summary": {"covered_lines": 7, "num_statements": 14, "percent_covered": 50.0, "percent_covered_display": "50", "missing_lines": 7, "excluded_lines": 0, "percent_statements_covered": 50.0, "percent_statements_covered_display": "50"}, "missing_lines": [17, 18, 19, 20, 21, 23, 24], "excluded_lines": [], "functions": {"search_amazon_music": {"executed_lines": [], "summary": {"covered_lines": 0, "num_statements": 7, "percent_covered": 0.0, "percent_covered_display": "0", "missing_lines": 7, "excluded_lines": 0, "percent_statements_covered": 0.0, "percent_statements_covered_display": "0"}, "missing_lines": [17, 18, 19, 20, 21, 23, 24], "excluded_lines": [], "start_line": 10}, "": {"executed_lines": [1, 2, 3, 4, 6, 9, 10], "summary": {"covered_lines": 7, "num_statements": 7, "percent_covered": 100.0, "percent_covered_display": "100", "missing_lines": 0, "excluded_lines": 0, "percent_statements_covered": 100.0, "percent_statements_covered_display": "100"}, "missing_lines": [], "excluded_lines": [], "start_line": 1}}, "classes": {"": {"executed_lines": [1, 2, 3, 4, 6, 9, 10], "summary": {"covered_lines": 7, "num_statements": 14, "percent_covered": 50.0, "percent_covered_display": "50", "missing_lines": 7, "excluded_lines": 0, "percent_statements_covered": 50.0, "percent_statements_covered_display": "50"}, "missing_lines": [17, 18, 19, 20, 21, 23, 24], "excluded_lines": [], "start_line": 1}}}, "app\\api\\v1\\apple_music.py": {"executed_lines": [1, 2, 3, 4, 6, 9, 10], "summary": {"covered_lines": 7, "num_statements": 14, "percent_covered": 50.0, "percent_covered_display": "50", "missing_lines": 7, "excluded_lines": 0, "percent_statements_covered": 50.0, "percent_statements_covered_display": "50"}, "missing_lines": [17, 19, 20, 21, 22, 25, 26], "excluded_lines": [], "functions": {"search_apple_music": {"executed_lines": [], "summary": {"covered_lines": 0, "num_statements": 7, "percent_covered": 0.0, "percent_covered_display": "0", "missing_lines": 7, "excluded_lines": 0, "percent_statements_covered": 0.0, "percent_statements_covered_display": "0"}, "missing_lines": [17, 19, 20, 21, 22, 25, 26], "excluded_lines": [], "start_line": 10}, "": {"executed_lines": [1, 2, 3, 4, 6, 9, 10], "summary": {"covered_lines": 7, "num_statements": 7, "percent_covered": 100.0, "percent_covered_display": "100", "missing_lines": 0, "excluded_lines": 0, "percent_statements_covered": 100.0, "percent_statements_covered_display": "100"}, "missing_lines": [], "excluded_lines": [], "start_line": 1}}, "classes": {"": {"executed_lines": [1, 2, 3, 4, 6, 9, 10], "summary": {"covered_lines": 7, "num_statements": 14, "percent_covered": 50.0, "percent_covered_display": "50", "missing_lines": 7, "excluded_lines": 0, "percent_statements_covered": 50.0, "percent_statements_covered_display": "50"}, "missing_lines": [17, 19, 20, 21, 22, 25, 26], "excluded_lines": [], "start_line": 1}}}, "app\\api\\v1\\artists.py": {"executed_lines": [1, 3, 4, 5, 6, 7, 8, 9, 11, 14, 15, 16, 17, 20, 21, 22, 25, 27, 28], "summary": {"covered_lines": 19, "num_statements": 20, "percent_covered": 95.0, "percent_covered_display": "95", "missing_lines": 1, "excluded_lines": 0, "percent_statements_covered": 95.0, "percent_statements_covered_display": "95"}, "missing_lines": [30], "excluded_lines": [], "functions": {"get_artists": {"executed_lines": [16, 17], "summary": {"covered_lines": 2, "num_statements": 2, "percent_covered": 100.0, "percent_covered_display": "100", "missing_lines": 0, "excluded_lines": 0, "percent_statements_covered": 100.0, "percent_statements_covered_display": "100"}, "missing_lines": [], "excluded_lines": [], "start_line": 15}, "get_artist": {"executed_lines": [22, 25, 27, 28], "summary": {"covered_lines": 4, "num_statements": 5, "percent_covered": 80.0, "percent_covered_display": "80", "missing_lines": 1, "excluded_lines": 0, "percent_statements_covered": 80.0, "percent_statements_covered_display": "80"}, "missing_lines": [30], "excluded_lines": [], "start_line": 21}, "": {"executed_lines": [1, 3, 4, 5, 6, 7, 8, 9, 11, 14, 15, 20, 21], "summary": {"covered_lines": 13, "num_statements": 13, "percent_covered": 100.0, "percent_covered_display": "100", "missing_lines": 0, "excluded_lines": 0, "percent_statements_covered": 100.0, "percent_statements_covered_display": "100"}, "missing_lines": [], "excluded_lines": [], "start_line": 1}}, "classes": {"": {"executed_lines": [1, 3, 4, 5, 6, 7, 8, 9, 11, 14, 15, 16, 17, 20, 21, 22, 25, 27, 28], "summary": {"covered_lines": 19, "num_statements": 20, "percent_covered": 95.0, "percent_covered_display": "95", "missing_lines": 1, "excluded_lines": 0, "percent_statements_covered": 95.0, "percent_statements_covered_display": "95"}, "missing_lines": [30], "excluded_lines": [], "start_line": 1}}}, "app\\api\\v1\\audit.py": {"executed_lines": [6, 7, 8, 10, 11, 12, 13, 14, 15, 16, 17, 19, 22, 25, 29, 32, 34, 35, 36, 39, 40, 43, 53, 54, 68, 69, 72, 74, 76, 78, 82, 85, 87, 88, 89, 92, 93, 95, 96, 98, 107, 108, 123, 124], "summary": {"covered_lines": 44, "num_statements": 57, "percent_covered": 77.19298245614036, "percent_covered_display": "77", "missing_lines": 13, "excluded_lines": 0, "percent_statements_covered": 77.19298245614036, "percent_statements_covered_display": "77"}, "missing_lines": [75, 77, 79, 115, 116, 118, 119, 120, 131, 132, 134, 135, 136], "excluded_lines": [], "functions": {"list_audit_logs": {"executed_lines": [68, 69, 72, 74, 76, 78, 82, 85, 87, 88, 89, 92, 93, 95, 96, 98], "summary": {"covered_lines": 16, "num_statements": 19, "percent_covered": 84.21052631578948, "percent_covered_display": "84", "missing_lines": 3, "excluded_lines": 0, "percent_statements_covered": 84.21052631578948, "percent_statements_covered_display": "84"}, "missing_lines": [75, 77, 79], "excluded_lines": [], "start_line": 54}, "list_action_types": {"executed_lines": [], "summary": {"covered_lines": 0, "num_statements": 5, "percent_covered": 0.0, "percent_covered_display": "0", "missing_lines": 5, "excluded_lines": 0, "percent_statements_covered": 0.0, "percent_statements_covered_display": "0"}, "missing_lines": [115, 116, 118, 119, 120], "excluded_lines": [], "start_line": 108}, "list_resource_types": {"executed_lines": [], "summary": {"covered_lines": 0, "num_statements": 5, "percent_covered": 0.0, "percent_covered_display": "0", "missing_lines": 5, "excluded_lines": 0, "percent_statements_covered": 0.0, "percent_statements_covered_display": "0"}, "missing_lines": [131, 132, 134, 135, 136], "excluded_lines": [], "start_line": 124}, "": {"executed_lines": [6, 7, 8, 10, 11, 12, 13, 14, 15, 16, 17, 19, 22, 25, 29, 32, 34, 35, 36, 39, 40, 43, 53, 54, 107, 108, 123, 124], "summary": {"covered_lines": 28, "num_statements": 28, "percent_covered": 100.0, "percent_covered_display": "100", "missing_lines": 0, "excluded_lines": 0, "percent_statements_covered": 100.0, "percent_statements_covered_display": "100"}, "missing_lines": [], "excluded_lines": [], "start_line": 1}}, "classes": {"AuditLogResponse": {"executed_lines": [], "summary": {"covered_lines": 0, "num_statements": 0, "percent_covered": 100.0, "percent_covered_display": "100", "missing_lines": 0, "excluded_lines": 0, "percent_statements_covered": 100.0, "percent_statements_covered_display": "100"}, "missing_lines": [], "excluded_lines": [], "start_line": 25}, "AuditLogResponse.Config": {"executed_lines": [], "summary": {"covered_lines": 0, "num_statements": 0, "percent_covered": 100.0, "percent_covered_display": "100", "missing_lines": 0, "excluded_lines": 0, "percent_statements_covered": 100.0, "percent_statements_covered_display": "100"}, "missing_lines": [], "excluded_lines": [], "start_line": 39}, "AuditLogListResponse": {"executed_lines": [], "summary": {"covered_lines": 0, "num_statements": 0, "percent_covered": 100.0, "percent_covered_display": "100", "missing_lines": 0, "excluded_lines": 0, "percent_statements_covered": 100.0, "percent_statements_covered_display": "100"}, "missing_lines": [], "excluded_lines": [], "start_line": 43}, "": {"executed_lines": [6, 7, 8, 10, 11, 12, 13, 14, 15, 16, 17, 19, 22, 25, 29, 32, 34, 35, 36, 39, 40, 43, 53, 54, 68, 69, 72, 74, 76, 78, 82, 85, 87, 88, 89, 92, 93, 95, 96, 98, 107, 108, 123, 124], "summary": {"covered_lines": 44, "num_statements": 57, "percent_covered": 77.19298245614036, "percent_covered_display": "77", "missing_lines": 13, "excluded_lines": 0, "percent_statements_covered": 77.19298245614036, "percent_statements_covered_display": "77"}, "missing_lines": [75, 77, 79, 115, 116, 118, 119, 120, 131, 132, 134, 135, 136], "excluded_lines": [], "start_line": 1}}}, "app\\api\\v1\\auth.py": {"executed_lines": [1, 2, 3, 10, 11, 12, 13, 14, 16, 19, 25, 26, 27, 30, 35, 36, 37, 38, 39, 44, 47, 48, 49, 50, 53, 54], "summary": {"covered_lines": 26, "num_statements": 27, "percent_covered": 96.29629629629629, "percent_covered_display": "96", "missing_lines": 1, "excluded_lines": 0, "percent_statements_covered": 96.29629629629629, "percent_statements_covered_display": "96"}, "missing_lines": [55], "excluded_lines": [], "functions": {"register": {"executed_lines": [26, 27], "summary": {"covered_lines": 2, "num_statements": 2, "percent_covered": 100.0, "percent_covered_display": "100", "missing_lines": 0, "excluded_lines": 0, "percent_statements_covered": 100.0, "percent_statements_covered_display": "100"}, "missing_lines": [], "excluded_lines": [], "start_line": 25}, "login": {"executed_lines": [36, 37, 38, 39, 44], "summary": {"covered_lines": 5, "num_statements": 5, "percent_covered": 100.0, "percent_covered_display": "100", "missing_lines": 0, "excluded_lines": 0, "percent_statements_covered": 100.0, "percent_statements_covered_display": "100"}, "missing_lines": [], "excluded_lines": [], "start_line": 35}, "refresh_token": {"executed_lines": [49, 50], "summary": {"covered_lines": 2, "num_statements": 2, "percent_covered": 100.0, "percent_covered_display": "100", "missing_lines": 0, "excluded_lines": 0, "percent_statements_covered": 100.0, "percent_statements_covered_display": "100"}, "missing_lines": [], "excluded_lines": [], "start_line": 48}, "read_users_me": {"executed_lines": [], "summary": {"covered_lines": 0, "num_statements": 1, "percent_covered": 0.0, "percent_covered_display": "0", "missing_lines": 1, "excluded_lines": 0, "percent_statements_covered": 0.0, "percent_statements_covered_display": "0"}, "missing_lines": [55], "excluded_lines": [], "start_line": 54}, "": {"executed_lines": [1, 2, 3, 10, 11, 12, 13, 14, 16, 19, 25, 30, 35, 47, 48, 53, 54], "summary": {"covered_lines": 17, "num_statements": 17, "percent_covered": 100.0, "percent_covered_display": "100", "missing_lines": 0, "excluded_lines": 0, "percent_statements_covered": 100.0, "percent_statements_covered_display": "100"}, "missing_lines": [], "excluded_lines": [], "start_line": 1}}, "classes": {"": {"executed_lines": [1, 2, 3, 10, 11, 12, 13, 14, 16, 19, 25, 26, 27, 30, 35, 36, 37, 38, 39, 44, 47, 48, 49, 50, 53, 54], "summary": {"covered_lines": 26, "num_statements": 27, "percent_covered": 96.29629629629629, "percent_covered_display": "96", "missing_lines": 1, "excluded_lines": 0, "percent_statements_covered": 96.29629629629629, "percent_statements_covered_display": "96"}, "missing_lines": [55], "excluded_lines": [], "start_line": 1}}}, "app\\api\\v1\\dashboard.py": {"executed_lines": [1, 2, 3, 4, 6, 7, 8, 9, 10, 11, 12, 13, 14, 15, 17, 20, 21, 25, 26, 27, 29, 30, 31, 33, 43, 44, 45, 46, 47, 48, 51, 52, 56, 57, 60, 61, 62, 64, 65, 66, 74, 75, 82, 83, 85, 86, 87, 99, 102, 104, 110, 111, 114, 115, 125, 126, 128, 137, 140, 141, 142, 145, 146, 149, 150, 151, 152, 153, 154, 155, 159, 160, 162, 163, 164, 168, 171, 172, 173, 174, 175, 176, 177, 178], "summary": {"covered_lines": 84, "num_statements": 94, "percent_covered": 89.36170212765957, "percent_covered_display": "89", "missing_lines": 10, "excluded_lines": 0, "percent_statements_covered": 89.36170212765957, "percent_statements_covered_display": "89"}, "missing_lines": [63, 67, 68, 129, 147, 156, 161, 165, 179, 180], "excluded_lines": [], "functions": {"get_dashboard_stats": {"executed_lines": [25, 26, 27, 29, 30, 31, 33], "summary": {"covered_lines": 7, "num_statements": 7, "percent_covered": 100.0, "percent_covered_display": "100", "missing_lines": 0, "excluded_lines": 0, "percent_statements_covered": 100.0, "percent_statements_covered_display": "100"}, "missing_lines": [], "excluded_lines": [], "start_line": 21}, "_get_count": {"executed_lines": [44, 45, 46, 47, 48], "summary": {"covered_lines": 5, "num_statements": 5, "percent_covered": 100.0, "percent_covered_display": "100", "missing_lines": 0, "excluded_lines": 0, "percent_statements_covered": 100.0, "percent_statements_covered_display": "100"}, "missing_lines": [], "excluded_lines": [], "start_line": 43}, "_get_queue_count": {"executed_lines": [52, 56, 57], "summary": {"covered_lines": 3, "num_statements": 3, "percent_covered": 100.0, "percent_covered_display": "100", "missing_lines": 0, "excluded_lines": 0, "percent_statements_covered": 100.0, "percent_statements_covered_display": "100"}, "missing_lines": [], "excluded_lines": [], "start_line": 51}, "_get_storage_free_space": {"executed_lines": [61, 62, 64, 65, 66], "summary": {"covered_lines": 5, "num_statements": 8, "percent_covered": 62.5, "percent_covered_display": "62", "missing_lines": 3, "excluded_lines": 0, "percent_statements_covered": 62.5, "percent_statements_covered_display": "62"}, "missing_lines": [63, 67, 68], "excluded_lines": [], "start_line": 60}, "_get_recent_activity": {"executed_lines": [75, 82, 83, 85, 86, 87, 99], "summary": {"covered_lines": 7, "num_statements": 7, "percent_covered": 100.0, "percent_covered_display": "100", "missing_lines": 0, "excluded_lines": 0, "percent_statements_covered": 100.0, "percent_statements_covered_display": "100"}, "missing_lines": [], "excluded_lines": [], "start_line": 74}, "_get_active_download": {"executed_lines": [104, 110, 111, 114, 115, 125, 126, 128, 137], "summary": {"covered_lines": 9, "num_statements": 10, "percent_covered": 90.0, "percent_covered_display": "90", "missing_lines": 1, "excluded_lines": 0, "percent_statements_covered": 90.0, "percent_statements_covered_display": "90"}, "missing_lines": [129], "excluded_lines": [], "start_line": 102}, "_calculate_time_ago": {"executed_lines": [141, 142, 145, 146, 149, 150, 151, 152, 153, 154, 155], "summary": {"covered_lines": 11, "num_statements": 13, "percent_covered": 84.61538461538461, "percent_covered_display": "85", "missing_lines": 2, "excluded_lines": 0, "percent_statements_covered": 84.61538461538461, "percent_statements_covered_display": "85"}, "missing_lines": [147, 156], "excluded_lines": [], "start_line": 140}, "_get_image_url": {"executed_lines": [160, 162, 163, 164, 168], "summary": {"covered_lines": 5, "num_statements": 7, "percent_covered": 71.42857142857143, "percent_covered_display": "71", "missing_lines": 2, "excluded_lines": 0, "percent_statements_covered": 71.42857142857143, "percent_statements_covered_display": "71"}, "missing_lines": [161, 165], "excluded_lines": [], "start_line": 159}, "_get_filename": {"executed_lines": [172, 173, 174, 175, 176, 177, 178], "summary": {"covered_lines": 7, "num_statements": 9, "percent_covered": 77.77777777777777, "percent_covered_display": "78", "missing_lines": 2, "excluded_lines": 0
[...]
_lines": 5, "excluded_lines": 0, "percent_statements_covered": 64.28571428571429, "percent_statements_covered_display": "64"}, "missing_lines": [116, 117, 118, 120, 131], "excluded_lines": [], "start_line": 108}, "WatchlistEngine.update_watchlist_item": {"executed_lines": [134, 135, 137, 138, 139, 140, 141, 142, 143, 144, 145], "summary": {"covered_lines": 11, "num_statements": 12, "percent_covered": 91.66666666666667, "percent_covered_display": "92", "missing_lines": 1, "excluded_lines": 0, "percent_statements_covered": 91.66666666666667, "percent_statements_covered_display": "92"}, "missing_lines": [146], "excluded_lines": [], "start_line": 133}, "WatchlistEngine.check_for_updates": {"executed_lines": [149, 150, 151, 152, 154, 160, 162, 163, 164, 165, 166, 168, 171, 172, 174, 175, 178, 182, 184, 185, 194, 195, 197], "summary": {"covered_lines": 23, "num_statements": 30, "percent_covered": 76.66666666666667, "percent_covered_display": "77", "missing_lines": 7, "excluded_lines": 0, "percent_statements_covered": 76.66666666666667, "percent_statements_covered_display": "77"}, "missing_lines": [169, 176, 187, 188, 189, 191, 192], "excluded_lines": [], "start_line": 148}, "": {"executed_lines": [1, 2, 3, 5, 6, 7, 8, 9, 10, 11, 12, 13, 15, 18, 19, 26, 31, 64, 103, 108, 133, 148, 200], "summary": {"covered_lines": 23, "num_statements": 23, "percent_covered": 100.0, "percent_covered_display": "100", "missing_lines": 0, "excluded_lines": 0, "percent_statements_covered": 100.0, "percent_statements_covered_display": "100"}, "missing_lines": [], "excluded_lines": [], "start_line": 1}}, "classes": {"WatchlistEngine": {"executed_lines": [20, 23, 24, 27, 28, 29, 33, 34, 36, 39, 41, 55, 56, 57, 58, 59, 60, 62, 65, 66, 69, 76, 77, 78, 79, 81, 91, 92, 93, 95, 96, 97, 101, 104, 105, 106, 109, 110, 112, 113, 114, 115, 128, 129, 130, 134, 135, 137, 138, 139, 140, 141, 142, 143, 144, 145, 149, 150, 151, 152, 154, 160, 162, 163, 164, 165, 166, 168, 171, 172, 174, 175, 178, 182, 184, 185, 194, 195, 197], "summary": {"covered_lines": 79, "num_statements": 105, "percent_covered": 75.23809523809524, "percent_covered_display": "75", "missing_lines": 26, "excluded_lines": 0, "percent_statements_covered": 75.23809523809524, "percent_statements_covered_display": "75"}, "missing_lines": [42, 43, 44, 45, 46, 47, 49, 50, 51, 52, 53, 98, 99, 116, 117, 118, 120, 131, 146, 169, 176, 187, 188, 189, 191, 192], "excluded_lines": [], "start_line": 18}, "": {"executed_lines": [1, 2, 3, 5, 6, 7, 8, 9, 10, 11, 12, 13, 15, 18, 19, 26, 31, 64, 103, 108, 133, 148, 200], "summary": {"covered_lines": 23, "num_statements": 23, "percent_covered": 100.0, "percent_covered_display": "100", "missing_lines": 0, "excluded_lines": 0, "percent_statements_covered": 100.0, "percent_statements_covered_display": "100"}, "missing_lines": [], "excluded_lines": [], "start_line": 1}}}, "app\\services\\youtube_service.py": {"executed_lines": [1, 2, 3, 5, 6, 8, 11, 12, 13, 14, 15, 17, 18, 21, 25, 26, 32, 33, 34, 35, 38, 39, 40, 41, 44, 46, 47, 48, 49, 52, 54, 55, 56, 57, 58, 59, 60, 61, 62, 64, 65, 66, 67, 68, 78, 79, 80, 82, 83, 84, 85, 86, 87, 96, 97, 98, 100, 102, 103, 104, 105, 106, 108, 109, 110, 111, 112, 114, 116, 118, 120, 121, 123, 124, 132, 133, 134, 135, 137, 146, 150, 151, 152, 153, 154, 155, 156, 157, 158, 159, 160, 162, 166, 168, 170, 172, 173, 174, 175, 177, 187, 188, 189, 191, 192, 194, 195, 196, 197, 198, 199, 200, 201, 202, 203, 204, 206, 207, 208, 210], "summary": {"covered_lines": 120, "num_statements": 120, "percent_covered": 100.0, "percent_covered_display": "100", "missing_lines": 0, "excluded_lines": 0, "percent_statements_covered": 100.0, "percent_statements_covered_display": "100"}, "missing_lines": [], "excluded_lines": [], "functions": {"YouTubeService.__init__": {"executed_lines": [13, 14, 15], "summary": {"covered_lines": 3, "num_statements": 3, "percent_covered": 100.0, "percent_covered_display": "100", "missing_lines": 0, "excluded_lines": 0, "percent_statements_covered": 100.0, "percent_statements_covered_display": "100"}, "missing_lines": [], "excluded_lines": [], "start_line": 12}, "YouTubeService.search": {"executed_lines": [18, 21, 25, 26, 32, 33, 34, 35, 38, 39, 40, 41, 44, 46, 47, 48, 49, 52], "summary": {"covered_lines": 18, "num_statements": 18, "percent_covered": 100.0, "percent_covered_display": "100", "missing_lines": 0, "excluded_lines": 0, "percent_statements_covered": 100.0, "percent_statements_covered_display": "100"}, "missing_lines": [], "excluded_lines": [], "start_line": 17}, "YouTubeService._search_video": {"executed_lines": [55, 56, 57, 58, 59, 60, 61, 62], "summary": {"covered_lines": 8, "num_statements": 8, "percent_covered": 100.0, "percent_covered_display": "100", "missing_lines": 0, "excluded_lines": 0, "percent_statements_covered": 100.0, "percent_statements_covered_display": "100"}, "missing_lines": [], "excluded_lines": [], "start_line": 54}, "YouTubeService._search_playlist": {"executed_lines": [65, 66, 67, 68, 78, 79, 80], "summary": {"covered_lines": 7, "num_statements": 7, "percent_covered": 100.0, "percent_covered_display": "100", "missing_lines": 0, "excluded_lines": 0, "percent_statements_covered": 100.0, "percent_statements_covered_display": "100"}, "missing_lines": [], "excluded_lines": [], "start_line": 64}, "YouTubeService._search_channel": {"executed_lines": [83, 84, 85, 86, 87, 96, 97, 98], "summary": {"covered_lines": 8, "num_statements": 8, "percent_covered": 100.0, "percent_covered_display": "100", "missing_lines": 0, "excluded_lines": 0, "percent_statements_covered": 100.0, "percent_statements_covered_display": "100"}, "missing_lines": [], "excluded_lines": [], "start_line": 82}, "YouTubeService._search_keywords": {"executed_lines": [102, 103, 104, 105, 106, 108, 109, 110, 111, 112, 114], "summary": {"covered_lines": 11, "num_statements": 11, "percent_covered": 100.0, "percent_covered_display": "100", "missing_lines": 0, "excluded_lines": 0, "percent_statements_covered": 100.0, "percent_statements_covered_display": "100"}, "missing_lines": [], "excluded_lines": [], "start_line": 100}, "YouTubeService._map_search_result": {"executed_lines": [118, 120, 121, 123, 124, 132, 133, 134, 135, 137, 146], "summary": {"covered_lines": 11, "num_statements": 11, "percent_covered": 100.0, "percent_covered_display": "100", "missing_lines": 0, "excluded_lines": 0, "percent_statements_covered": 100.0, "percent_statements_covered_display": "100"}, "missing_lines": [], "excluded_lines": [], "start_line": 116}, "YouTubeService.get_artist_tracks": {"executed_lines": [151, 152, 153, 154, 155, 156, 157, 158, 159, 160], "summary": {"covered_lines": 10, "num_statements": 10, "percent_covered": 100.0, "percent_covered_display": "100", "missing_lines": 0, "excluded_lines": 0, "percent_statements_covered": 100.0, "percent_statements_covered_display": "100"}, "missing_lines": [], "excluded_lines": [], "start_line": 150}, "YouTubeService.get_playlist_details": {"executed_lines": [166, 168, 170, 172, 173, 174, 175, 177, 187, 188, 189], "summary": {"covered_lines": 11, "num_statements": 11, "percent_covered": 100.0, "percent_covered_display": "100", "missing_lines": 0, "excluded_lines": 0, "percent_statements_covered": 100.0, "percent_statements_covered_display": "100"}, "missing_lines": [], "excluded_lines": [], "start_line": 162}, "YouTubeService._format_track": {"executed_lines": [192, 194, 195, 196, 197, 198, 199, 200, 201, 202, 203, 204, 206, 207, 208, 210], "summary": {"covered_lines": 16, "num_statements": 16, "percent_covered": 100.0, "percent_covered_display": "100", "missing_lines": 0, "excluded_lines": 0, "percent_statements_covered": 100.0, "percent_statements_covered_display": "100"}, "missing_lines": [], "excluded_lines": [], "start_line": 191}, "": {"executed_lines": [1, 2, 3, 5, 6, 8, 11, 12, 17, 54, 64, 82, 100, 116, 150, 162, 191], "summary": {"covered_lines": 17, "num_statements": 17, "percent_covered": 100.0, "percent_covered_display": "100", "missing_lines": 0, "excluded_lines": 0, "percent_statements_covered": 100.0, "percent_statements_covered_display": "100"}, "missing_lines": [], "excluded_lines": [], "start_line": 1}}, "classes": {"YouTubeService": {"executed_lines": [13, 14, 15, 18, 21, 25, 26, 32, 33, 34, 35, 38, 39, 40, 41, 44, 46, 47, 48, 49, 52, 55, 56, 57, 58, 59, 60, 61, 62, 65, 66, 67, 68, 78, 79, 80, 83, 84, 85, 86, 87, 96, 97, 98, 102, 103, 104, 105, 106, 108, 109, 110, 111, 112, 114, 118, 120, 121, 123, 124, 132, 133, 134, 135, 137, 146, 151, 152, 153, 154, 155, 156, 157, 158, 159, 160, 166, 168, 170, 172, 173, 174, 175, 177, 187, 188, 189, 192, 194, 195, 196, 197, 198, 199, 200, 201, 202, 203, 204, 206, 207, 208, 210], "summary": {"covered_lines": 103, "num_statements": 103, "percent_covered": 100.0, "percent_covered_display": "100", "missing_lines": 0, "excluded_lines": 0, "percent_statements_covered": 100.0, "percent_statements_covered_display": "100"}, "missing_lines": [], "excluded_lines": [], "start_line": 11}, "": {"executed_lines": [1, 2, 3, 5, 6, 8, 11, 12, 17, 54, 64, 82, 100, 116, 150, 162, 191], "summary": {"covered_lines": 17, "num_statements": 17, "percent_covered": 100.0, "percent_covered_display": "100", "missing_lines": 0, "excluded_lines": 0, "percent_statements_covered": 100.0, "percent_statements_covered_display": "100"}, "missing_lines": [], "excluded_lines": [], "start_line": 1}}}, "app\\test_slashes.py": {"executed_lines": [], "summary": {"covered_lines": 0, "num_statements": 10, "percent_covered": 0.0, "percent_covered_display": "0", "missing_lines": 10, "excluded_lines": 0, "percent_statements_covered": 0.0, "percent_statements_covered_display": "0"}, "missing_lines": [1, 3, 5, 8, 9, 16, 17, 18, 21, 22], "excluded_lines": [], "functions": {"test_slashes": {"executed_lines": [], "summary": {"covered_lines": 0, "num_statements": 4, "percent_covered": 0.0, "percent_covered_display": "0", "missing_lines": 4, "excluded_lines": 0, "percent_statements_covered": 0.0, "percent_statements_covered_display": "0"}, "missing_lines": [9, 16, 17, 18], "excluded_lines": [], "start_line": 8}, "": {"executed_lines": [], "summary": {"covered_lines": 0, "num_statements": 6, "percent_covered": 0.0, "percent_covered_display": "0", "missing_lines": 6, "excluded_lines": 0, "percent_statements_covered": 0.0, "percent_statements_covered_display": "0"}, "missing_lines": [1, 3, 5, 8, 21, 22], "excluded_lines": [], "start_line": 1}}, "classes": {"": {"executed_lines": [], "summary": {"covered_lines": 0, "num_statements": 10, "percent_covered": 0.0, "percent_covered_display": "0", "missing_lines": 10, "excluded_lines": 0, "percent_statements_covered": 0.0, "percent_statements_covered_display": "0"}, "missing_lines": [1, 3, 5, 8, 9, 16, 17, 18, 21, 22], "excluded_lines": [], "start_line": 1}}}, "app\\utils\\__init__.py": {"executed_lines": [], "summary": {"covered_lines": 0, "num_statements": 0, "percent_covered": 100.0, "percent_covered_display": "100", "missing_lines": 0, "excluded_lines": 0, "percent_statements_covered": 100.0, "percent_statements_covered_display": "100"}, "missing_lines": [], "excluded_lines": [], "functions": {"": {"executed_lines": [], "summary": {"covered_lines": 0, "num_statements": 0, "percent_covered": 100.0, "percent_covered_display": "100", "missing_lines": 0, "excluded_lines": 0, "percent_statements_covered": 100.0, "percent_statements_covered_display": "100"}, "missing_lines": [], "excluded_lines": [], "start_line": 1}}, "classes": {"": {"executed_lines": [], "summary": {"covered_lines": 0, "num_statements": 0, "percent_covered": 100.0, "percent_covered_display": "100", "missing_lines": 0, "excluded_lines": 0, "percent_statements_covered": 100.0, "percent_statements_covered_display": "100"}, "missing_lines": [], "excluded_lines": [], "start_line": 1}}}, "app\\utils\\logger.py": {"executed_lines": [1, 2, 3, 4, 6, 9, 10, 14, 16, 17, 18, 19, 21, 22, 25, 36, 44, 46, 47], "summary": {"covered_lines": 19, "num_statements": 20, "percent_covered": 95.0, "percent_covered_display": "95", "missing_lines": 1, "excluded_lines": 0, "percent_statements_covered": 95.0, "percent_statements_covered_display": "95"}, "missing_lines": [11], "excluded_lines": [], "functions": {"HealthCheckFilter.filter": {"executed_lines": [], "summary": {"covered_lines": 0, "num_statements": 1, "percent_covered": 0.0, "percent_covered_display": "0", "missing_lines": 1, "excluded_lines": 0, "percent_statements_covered": 0.0, "percent_statements_covered_display": "0"}, "missing_lines": [11], "excluded_lines": [], "start_line": 10}, "setup_logging": {"executed_lines": [16, 17, 18, 19, 21, 22, 25, 36, 44, 46, 47], "summary": {"covered_lines": 11, "num_statements": 11, "percent_covered": 100.0, "percent_covered_display": "100", "missing_lines": 0, "excluded_lines": 0, "percent_statements_covered": 100.0, "percent_statements_covered_display": "100"}, "missing_lines": [], "excluded_lines": [], "start_line": 14}, "": {"executed_lines": [1, 2, 3, 4, 6, 9, 10, 14], "summary": {"covered_lines": 8, "num_statements": 8, "percent_covered": 100.0, "percent_covered_display": "100", "missing_lines": 0, "excluded_lines": 0, "percent_statements_covered": 100.0, "percent_statements_covered_display": "100"}, "missing_lines": [], "excluded_lines": [], "start_line": 1}}, "classes": {"HealthCheckFilter": {"executed_lines": [], "summary": {"covered_lines": 0, "num_statements": 1, "percent_covered": 0.0, "percent_covered_display": "0", "missing_lines": 1, "excluded_lines": 0, "percent_statements_covered": 0.0, "percent_statements_covered_display": "0"}, "missing_lines": [11], "excluded_lines": [], "start_line": 9}, "": {"executed_lines": [1, 2, 3, 4, 6, 9, 10, 14, 16, 17, 18, 19, 21, 22, 25, 36, 44, 46, 47], "summary": {"covered_lines": 19, "num_statements": 19, "percent_covered": 100.0, "percent_covered_display": "100", "missing_lines": 0, "excluded_lines": 0, "percent_statements_covered": 100.0, "percent_statements_covered_display": "100"}, "missing_lines": [], "excluded_lines": [], "start_line": 1}}}, "app\\utils\\sanitization.py": {"executed_lines": [1, 4, 14, 15, 18, 22, 23, 26, 29, 30, 32], "summary": {"covered_lines": 11, "num_statements": 11, "percent_covered": 100.0, "percent_covered_display": "100", "missing_lines": 0, "excluded_lines": 0, "percent_statements_covered": 100.0, "percent_statements_covered_display": "100"}, "missing_lines": [], "excluded_lines": [], "functions": {"sanitize_filename": {"executed_lines": [14, 15, 18, 22, 23, 26, 29, 30, 32], "summary": {"covered_lines": 9, "num_statements": 9, "percent_covered": 100.0, "percent_covered_display": "100", "missing_lines": 0, "excluded_lines": 0, "percent_statements_covered": 100.0, "percent_statements_covered_display": "100"}, "missing_lines": [], "excluded_lines": [], "start_line": 4}, "": {"executed_lines": [1, 4], "summary": {"covered_lines": 2, "num_statements": 2, "percent_covered": 100.0, "percent_covered_display": "100", "missing_lines": 0, "excluded_lines": 0, "percent_statements_covered": 100.0, "percent_statements_covered_display": "100"}, "missing_lines": [], "excluded_lines": [], "start_line": 1}}, "classes": {"": {"executed_lines": [1, 4, 14, 15, 18, 22, 23, 26, 29, 30, 32], "summary": {"covered_lines": 11, "num_statements": 11, "percent_covered": 100.0, "percent_covered_display": "100", "missing_lines": 0, "excluded_lines": 0, "percent_statements_covered": 100.0, "percent_statements_covered_display": "100"}, "missing_lines": [], "excluded_lines": [], "start_line": 1}}}, "app\\utils\\url_helper.py": {"executed_lines": [1, 2, 3, 4, 6, 8, 11, 40, 55, 58, 61, 63, 64, 65, 66, 67, 70, 72, 73, 75, 76, 77, 81, 83, 84, 87, 88, 89, 90, 93, 101, 102, 103, 105, 106, 107, 110, 111, 114, 115, 116, 117, 118, 123, 126], "summary": {"covered_lines": 45, "num_statements": 79, "percent_covered": 56.962025316455694, "percent_covered_display": "57", "missing_lines": 34, "excluded_lines": 0, "percent_statements_covered": 56.962025316455694, "percent_statements_covered_display": "57"}, "missing_lines": [78, 119, 120, 121, 132, 133, 134, 135, 137, 138, 140, 141, 144, 145, 146, 147, 149, 150, 151, 152, 153, 155, 156, 157, 158, 161, 162, 163, 165, 166, 167, 168, 169, 170], "excluded_lines": [], "functions": {"is_private_ip": {"executed_lines": [63, 64, 65, 66, 67], "summary": {"covered_lines": 5, "num_statements": 5, "percent_covered": 100.0, "percent_covered_display": "100", "missing_lines": 0, "excluded_lines": 0, "percent_statements_covered": 100.0, "percent_statements_covered_display": "100"}, "missing_lines": [], "excluded_lines": [], "start_line": 61}, "extract_domain": {"executed_lines": [72, 73, 75, 76, 77], "summary": {"covered_lines": 5, "num_statements": 6, "percent_covered": 83.33333333333333, "percent_covered_display": "83", "missing_lines": 1, "excluded_lines": 0, "percent_statements_covered": 83.33333333333333, "percent_statements_covered_display": "83"}, "missing_lines": [78], "excluded_lines": [], "start_line": 70}, "is_allowed_domain": {"executed_lines": [83, 84, 87, 88, 89, 90], "summary": {"covered_lines": 6, "num_statements": 6, "percent_covered": 100.0, "percent_covered_display": "100", "missing_lines": 0, "excluded_lines": 0, "percent_statements_covered": 100.0, "percent_statements_covered_display": "100"}, "missing_lines": [], "excluded_lines": [], "start_line": 81}, "validate_url": {"executed_lines": [101, 102, 103, 105, 106, 107, 110, 111, 114, 115, 116, 117, 118, 123], "summary": {"covered_lines": 14, "num_statements": 17, "percent_covered": 82.3529411764706, "percent_covered_display": "82", "missing_lines": 3, "excluded_lines": 0, "percent_statements_covered": 82.3529411764706, "percent_statements_covered_display": "82"}, "missing_lines": [119, 120, 121], "excluded_lines": [], "start_line": 93}, "resolve_redirects": {"executed_lines": [], "summary": {"covered_lines": 0, "num_statements": 30, "percent_covered": 0.0, "percent_covered_display": "0", "missing_lines": 30, "excluded_lines": 0, "percent_statements_covered": 0.0, "percent_statements_covered_display": "0"}, "missing_lines": [132, 133, 134, 135, 137, 138, 140, 141, 144, 145, 146, 147, 149, 150, 151, 152, 153, 155, 156, 157, 158, 161, 162, 163, 165, 166, 167, 168, 169, 170], "excluded_lines": [], "start_line": 126}, "": {"executed_lines": [1, 2, 3, 4, 6, 8, 11, 40, 55, 58, 61, 70, 81, 93, 126], "summary": {"covered_lines": 15, "num_statements": 15, "percent_covered": 100.0, "percent_covered_display": "100", "missing_lines": 0, "excluded_lines": 0, "percent_statements_covered": 100.0, "percent_statements_covered_display": "100"}, "missing_lines": [], "excluded_lines": [], "start_line": 1}}, "classes": {"SSRFValidationError": {"executed_lines": [], "summary": {"covered_lines": 0, "num_statements": 0, "percent_covered": 100.0, "percent_covered_display": "100", "missing_lines": 0, "excluded_lines": 0, "percent_statements_covered": 100.0, "percent_statements_covered_display": "100"}, "missing_lines": [], "excluded_lines": [], "start_line": 55}, "": {"executed_lines": [1, 2, 3, 4, 6, 8, 11, 40, 55, 58, 61, 63, 64, 65, 66, 67, 70, 72, 73, 75, 76, 77, 81, 83, 84, 87, 88, 89, 90, 93, 101, 102, 103, 105, 106, 107, 110, 111, 114, 115, 116, 117, 118, 123, 126], "summary": {"covered_lines": 45, "num_statements": 79, "percent_covered": 56.962025316455694, "percent_covered_display": "57", "missing_lines": 34, "excluded_lines": 0, "percent_statements_covered": 56.962025316455694, "percent_statements_covered_display": "57"}, "missing_lines": [78, 119, 120, 121, 132, 133, 134, 135, 137, 138, 140, 141, 144, 145, 146, 147, 149, 150, 151, 152, 153, 155, 156, 157, 158, 161, 162, 163, 165, 166, 167, 168, 169, 170], "excluded_lines": [], "start_line": 1}}}}, "totals": {"covered_lines": 4919, "num_statements": 6422, "percent_covered": 76.59607598878854, "percent_covered_display": "77", "missing_lines": 1503, "excluded_lines": 0, "percent_statements_covered": 76.59607598878854, "percent_statements_covered_display": "77"}}