============================= test session starts =============================
platform win32 -- Python 3.14.2, pytest-9.0.1, pluggy-1.6.0
rootdir: C:\Users\Mati\DEV\Audiovault\backend
configfile: pytest.ini
plugins: anyio-4.12.0, pyfakefs-5.9.3, asyncio-1.3.0, cov-7.0.0
asyncio: mode=Mode.AUTO, debug=False, asyncio_default_fixture_loop_scope=None, asyncio_default_test_loop_scope=function
collected 24 items

tests\api\test_downloads.py ....                                         [ 16%]
tests\services\test_download_manager.py ..                               [ 25%]
tests\services\test_library_data.py ...                                  [ 37%]
tests\services\test_library_maintenance.py ..                            [ 45%]
tests\test_db_smoke.py .                                                 [ 50%]
tests\test_music_services.py ....                                        [ 66%]
tests\test_sanitization.py ......                                        [ 91%]
<unknown>:8: SyntaxWarning: "\ " is an invalid escape sequence. Such sequences will not work in the future. Did you mean "\\ "? A raw string is also an option.
C:\Users\Mati\DEV\Audiovault\backend\app\utils\sanitization.py:8: SyntaxWarning: "\ " is an invalid escape sequence. Such sequences will not work in the future. Did you mean "\\ "? A raw string is also an option.
  Windows forbidden: < > : " / \ | ? * and control chars.
tests\test_security.py ..                                                [100%]

=============================== tests coverage ================================
_______________ coverage: platform win32, python 3.14.2-final-0 _______________

Name                                     Stmts   Miss  Cover   Missing
----------------------------------------------------------------------
app\api\v1\__init__.py                      22      0   100%
app\api\v1\amazon_music.py                  14      7    50%   16-23
app\api\v1\apple_music.py                   14      7    50%   16-25
app\api\v1\artists.py                       21      7    67%   20-21, 28-38
app\api\v1\auth.py                          27     10    63%   18-19, 26-34, 41-42, 48
app\api\v1\dashboard.py                     90     65    28%   26-34, 44-48, 51-56, 59-66, 71-90, 94-119, 122-136, 139-142, 145-153
app\api\v1\deezer.py                         9      2    78%   15-16
app\api\v1\downloads.py                    113     54    52%   43-48, 55-56, 64-65, 73-74, 83-103, 113-114, 121-123, 133-135, 146-175, 203, 221-223, 235-243
app\api\v1\history.py                       20      7    65%   26-37
app\api\v1\import_routes.py                 39     12    69%   38-39, 54-66
app\api\v1\settings.py                      87     55    37%   34-52, 56-68, 76-85, 103-115, 118-135, 139-160
app\api\v1\soundcloud.py                    14      7    50%   16-23
app\api\v1\spotify.py                       28     18    36%   18-30, 37-45
app\api\v1\stream.py                        51     38    25%   13-21, 24-52, 55-65, 68-71
app\api\v1\sync.py                          32     20    38%   22-30, 45-57
app\api\v1\system.py                        35     20    43%   16-17, 20-27, 34-42, 49-54
app\api\v1\tidal.py                         14      7    50%   16-23
app\api\v1\users.py                         58     32    45%   34, 43-55, 63-71, 80-105
app\api\v1\watchlist.py                     39     15    62%   27-30, 37, 45-48, 60-63, 70-71
app\api\v1\youtube.py                       11      4    64%   18-22
app\core\cache.py                           20      9    55%   10, 17-18, 21-23, 26-28
app\core\config.py                          25      0   100%
app\core\dependencies.py                    34     22    35%   17-42, 47-49
app\core\security.py                        24     14    42%   10-17, 20-27, 30, 33
app\db\base.py                               2      0   100%
app\db\database.py                          13      4    69%   20-24
app\db\init_data.py                         23     16    30%   10-34
app\main.py                                 84     26    69%   71, 75, 79, 83, 89-90, 99-125, 129-130
app\models\__init__.py                       9      0   100%
app\models\album.py                         20      0   100%
app\models\artist.py                        18      0   100%
app\models\credentials.py                   17      0   100%
app\models\download.py                      26      0   100%
app\models\history.py                       15      0   100%
app\models\schemas.py                       22      0   100%
app\models\track.py                         26      0   100%
app\models\user.py                          22      0   100%
app\models\watchlist.py                     23      0   100%
app\models\watchlist_item.py                16      0   100%
app\providers\__init__.py                   18      0   100%
app\providers\amazon_music_provider.py      32     20    38%   9, 13, 16, 19-45, 53-66
app\providers\apple_music_provider.py       32     20    38%   9, 13, 16, 19-57, 65-77
app\providers\base.py                       21      5    76%   10, 16, 21, 26, 31
app\providers\deezer_provider.py            42     29    31%   10, 14, 17, 21-56, 65-68
app\providers\generic.py                    46     29    37%   16, 22, 27, 30-86, 90-93
app\providers\manager.py                    29     16    45%   15-18, 22-25, 28-31, 34-37
app\providers\soundcloud_provider.py        30     18    40%   9, 13, 16, 19-45, 53-66
app\providers\spotify_provider.py           47     33    30%   12, 16, 19, 30-90, 93-112
app\providers\tidal_provider.py             32     20    38%   9, 13, 16, 19-45, 53-66
app\providers\youtube_provider.py           36     21    42%   13, 17, 20, 24-69, 82
app\schemas\artist.py                       21      0   100%
app\schemas\download.py                      5      0   100%
app\schemas\metadata.py                     20      0   100%
app\services\amazon_music_service.py        10      0   100%
app\services\apple_music_service.py         24     10    58%   19-24, 27-28, 31-32
app\services\auth_manager.py                57     44    23%   11, 15-38, 42-52, 55-58, 66-121
app\services\base_music_service.py          49     37    24%   13, 19-37, 43-77, 84-97
app\services\deezer_service.py              84     69    18%   16-48, 51-58, 61-76, 79-87, 91-111
app\services\download_manager.py           394    260    34%   35-36, 39-57, 64-78, 84-113, 118-129, 134-137, 141-164, 167-182, 210, 214-218, 231-241, 258-262, 287, 304, 317-326, 330-354, 357-360, 363-366, 369-381, 385-400, 403, 453-465, 472, 483-486, 493-547, 550-551, 554-596, 601-610, 614-630, 633-640, 643-653, 657-667, 671-673
app\services\fallback_service.py            35     28    20%   38-92
app\services\library_data.py                73     11    85%   16-17, 29-32, 58, 61, 93-94, 118-119
app\services\library_maintenance.py         95     58    39%   18-51, 55-86, 91-107, 114-115, 132-133, 139, 141
app\services\scheduler.py                   55     36    35%   19-36, 39-41, 49-86, 93
app\services\socket_manager.py              15      3    80%   13, 18, 21
app\services\soundcloud_service.py          61     49    20%   13, 20-84, 90-136
app\services\spotify_service.py            135    115    15%   20, 23-108, 111-112, 121-123, 133-137, 140-155, 158-162, 165-173, 176-184, 188-200
app\services\sync_manager.py               133    108    19%   33-137, 144-215, 225-240, 247-285
app\services\tidal_service.py               10      0   100%
app\services\watchlist_engine.py           211    180    15%   22-33, 36-49, 52-57, 60-81, 85-98, 102-132, 136-143, 146-165, 168-178, 182-201, 204-243, 246-247, 250-276, 279-288, 291-336
app\services\youtube_service.py            102     84    18%   17-42, 45-51, 54-68, 71-84, 88-123, 128-137, 140-157
app\utils\__init__.py                        0      0   100%
app\utils\logger.py                         20      1    95%   9
app\utils\sanitization.py                   11      0   100%
app\utils\url_helper.py                     17     17     0%   1-25
----------------------------------------------------------------------
TOTAL                                     3179   1799    43%
============================= 24 passed in 0.49s ==============================
